#
# A fatal error has been detected by the Java Runtime Environment:
#
#  SIGSEGV (0xb) at pc=0x000000011e7876f5, pid=42635, tid=0x000000000000d717
#
# JRE version: Java(TM) SE Runtime Environment (8.0_131-b11) (build 1.8.0_131-b11)
# Java VM: Java HotSpot(TM) 64-Bit Server VM (25.131-b11 mixed mode bsd-amd64 compressed oops)
# Problematic frame:
# C  [libavl-lib.dylib+0x26f5]  insertAndAdjust+0x75
#
# Failed to write core dump. Core dumps have been disabled. To enable core dumping, try "ulimit -c unlimited" before starting Java again
#
# If you would like to submit a bug report, please visit:
#   http://bugreport.java.com/bugreport/crash.jsp
# The crash happened outside the Java Virtual Machine in native code.
# See problematic frame for where to report the bug.
#

---------------  T H R E A D  ---------------

Current thread (0x00007ff189174000):  JavaThread "AWT-EventQueue-0" [_thread_in_native, id=55063, stack(0x00007000016e5000,0x00007000017e5000)]

siginfo: si_signo: 11 (SIGSEGV), si_code: 1 (SEGV_MAPERR), si_addr: 0x0000000000736569

Registers:
RAX=0x0000000000000070, RBX=0x0000000116671e08, RCX=0x0000000000736569, RDX=0x0000000000000000
RSP=0x00007000017e22d0, RBP=0x00007000017e2300, RSI=0x0000000000000070, RDI=0x00007ff18d476730
R8 =0x0000000000000000, R9 =0x0000000000000003, R10=0x00000001024179c8, R11=0x0000000100f54dcb
R12=0x0000000000000000, R13=0x0000000116671e08, R14=0x00007000017e2438, R15=0x00007ff189174000
RIP=0x000000011e7876f5, EFLAGS=0x0000000000010206, ERR=0x0000000000000004
  TRAPNO=0x000000000000000e

Top of Stack: (sp=0x00007000017e22d0)
0x00007000017e22d0:   00007000017e22d0 00007000017e231c
0x00007000017e22e0:   0000000000000000 0000000000000070
0x00007000017e22f0:   00007ff18d476730 0000000116307638
0x00007000017e2300:   00007000017e2340 000000011e787644
0x00007000017e2310:   00007000017e2370 0000000102407d00
0x00007000017e2320:   0000000000000000 0000000000000070
0x00007000017e2330:   00007ff18d476730 0000000116307592
0x00007000017e2340:   00007000017e2380 000000011e788439
0x00007000017e2350:   0000000000000000 00000001163075a0
0x00007000017e2360:   0000000000000000 0000000000000070
0x00007000017e2370:   00007000017e2438 00007ff1891741f8
0x00007000017e2380:   00007000017e23f8 00000001024179f4
0x00007000017e2390:   00007000017e2390 0000000116314b7b
0x00007000017e23a0:   00007000017e2440 000000011640be40
0x00007000017e23b0:   0000000000000000 00007000017e23b8
0x00007000017e23c0:   0000000000000000 00007000017e2438
0x00007000017e23d0:   00000001166722a8 0000000000000000
0x00007000017e23e0:   0000000116671e08 0000000000000000
0x00007000017e23f0:   00007000017e2418 00007000017e2480
0x00007000017e2400:   00000001024082bd 0000000000000000
0x00007000017e2410:   0000000102411538 0000000000000000
0x00007000017e2420:   0000000000000000 0000000000000070
0x00007000017e2430:   0000000000000000 0000000795fcefd0
0x00007000017e2440:   00007000017e2440 00000001166714cf
0x00007000017e2450:   00007000017e24a0 0000000116671778
0x00007000017e2460:   0000000000000000 0000000116671500
0x00007000017e2470:   00007000017e2418 00007000017e2490
0x00007000017e2480:   00007000017e24e8 0000000102408302
0x00007000017e2490:   0000000000000070 0000000796617b18
0x00007000017e24a0:   0000000795fcb1f0 00007000017e24a8
0x00007000017e24b0:   000000011667042e 00007000017e2510
0x00007000017e24c0:   00000001166707b8 0000000000000000 

Instructions: (pc=0x000000011e7876f5)
0x000000011e7876d5:   8b 45 d8 c7 00 01 00 00 00 c7 45 fc 01 00 00 00
0x000000011e7876e5:   e9 f5 00 00 00 48 8b 45 e8 48 8b 4d f0 48 8b 09
0x000000011e7876f5:   48 3b 01 0f 85 16 00 00 00 48 8b 45 d8 c7 00 00
0x000000011e787705:   00 00 00 c7 45 fc 00 00 00 00 e9 cb 00 00 00 48 

Register to memory mapping:

RAX=0x0000000000000070 is an unknown value
RBX={method} {0x0000000116671e08} 'insert' '(JII)V' in 'DataHelper'
RCX=0x0000000000736569 is an unknown value
RDX=0x0000000000000000 is an unknown value
RSP=0x00007000017e22d0 is pointing into the stack for thread: 0x00007ff189174000
RBP=0x00007000017e2300 is pointing into the stack for thread: 0x00007ff189174000
RSI=0x0000000000000070 is an unknown value
RDI=0x00007ff18d476730 is an unknown value
R8 =0x0000000000000000 is an unknown value
R9 =0x0000000000000003 is an unknown value
R10=0x00000001024179c8 is at code_begin+808 in an Interpreter codelet
method entry point (kind = native)  [0x00000001024176a0, 0x0000000102417fa0]  2304 bytes
R11=0x0000000100f54dcb: throw_unsatisfied_link_error+0 in /Library/Java/JavaVirtualMachines/jdk1.8.0_131.jdk/Contents/Home/jre/lib/server/libjvm.dylib at 0x0000000100a70000
R12=0x0000000000000000 is an unknown value
R13={method} {0x0000000116671e08} 'insert' '(JII)V' in 'DataHelper'
R14=0x00007000017e2438 is pointing into the stack for thread: 0x00007ff189174000
R15=0x00007ff189174000 is a thread


Stack: [0x00007000016e5000,0x00007000017e5000],  sp=0x00007000017e22d0,  free space=1012k
Native frames: (J=compiled Java code, j=interpreted, Vv=VM code, C=native code)
C  [libavl-lib.dylib+0x26f5]  insertAndAdjust+0x75
C  [libavl-lib.dylib+0x2644]  insertAVLData+0x34
C  [libavl-lib.dylib+0x3439]  Java_DataHelper_insert+0x49
j  DataHelper.insert(JII)V+0
j  DataService.onInsert(J)V+7
j  AVLTreePanel.actionPerformed(Ljava/awt/event/ActionEvent;)V+158
j  javax.swing.AbstractButton.fireActionPerformed(Ljava/awt/event/ActionEvent;)V+83
j  javax.swing.AbstractButton$Handler.actionPerformed(Ljava/awt/event/ActionEvent;)V+5
j  javax.swing.DefaultButtonModel.fireActionPerformed(Ljava/awt/event/ActionEvent;)V+34
j  javax.swing.DefaultButtonModel.setPressed(Z)V+117
j  javax.swing.plaf.basic.BasicButtonListener.mouseReleased(Ljava/awt/event/MouseEvent;)V+35
j  java.awt.Component.processMouseEvent(Ljava/awt/event/MouseEvent;)V+64
j  javax.swing.JComponent.processMouseEvent(Ljava/awt/event/MouseEvent;)V+23
j  java.awt.Component.processEvent(Ljava/awt/AWTEvent;)V+81
j  java.awt.Container.processEvent(Ljava/awt/AWTEvent;)V+18
J 822 C1 java.awt.Component.dispatchEventImpl(Ljava/awt/AWTEvent;)V (883 bytes) @ 0x00000001026dd9bc [0x00000001026d8480+0x553c]
J 701 C1 java.awt.Container.dispatchEventImpl(Ljava/awt/AWTEvent;)V (129 bytes) @ 0x000000010267a6ec [0x000000010267a5a0+0x14c]
J 700 C1 java.awt.Component.dispatchEvent(Ljava/awt/AWTEvent;)V (6 bytes) @ 0x000000010267a204 [0x000000010267a100+0x104]
j  java.awt.LightweightDispatcher.retargetMouseEvent(Ljava/awt/Component;ILjava/awt/event/MouseEvent;)V+327
j  java.awt.LightweightDispatcher.processMouseEvent(Ljava/awt/event/MouseEvent;)Z+155
J 860 C1 java.awt.LightweightDispatcher.dispatchEvent(Ljava/awt/AWTEvent;)Z (73 bytes) @ 0x00000001026f7bb4 [0x00000001026f7780+0x434]
J 701 C1 java.awt.Container.dispatchEventImpl(Ljava/awt/AWTEvent;)V (129 bytes) @ 0x000000010267a68c [0x000000010267a5a0+0xec]
j  java.awt.Window.dispatchEventImpl(Ljava/awt/AWTEvent;)V+19
J 760 C1 java.awt.EventQueue.dispatchEventImpl(Ljava/awt/AWTEvent;Ljava/lang/Object;)V (149 bytes) @ 0x000000010269eee4 [0x000000010269d680+0x1864]
J 766 C1 java.awt.EventQueue$3.run()Ljava/lang/Void; (60 bytes) @ 0x00000001026a1594 [0x00000001026a1380+0x214]
J 687 C1 java.awt.EventQueue$3.run()Ljava/lang/Object; (5 bytes) @ 0x000000010266d88c [0x000000010266d800+0x8c]
v  ~StubRoutines::call_stub
V  [libjvm.dylib+0x2ee5b6]
V  [libjvm.dylib+0x34ed14]
J 599  java.security.AccessController.doPrivileged(Ljava/security/PrivilegedAction;Ljava/security/AccessControlContext;)Ljava/lang/Object; (0 bytes) @ 0x000000010264f315 [0x000000010264f240+0xd5]
J 692 C1 java.awt.EventQueue$4.run()Ljava/lang/Object; (5 bytes) @ 0x000000010267436c [0x0000000102673f40+0x42c]
v  ~StubRoutines::call_stub
V  [libjvm.dylib+0x2ee5b6]
V  [libjvm.dylib+0x34ed14]
J 599  java.security.AccessController.doPrivileged(Ljava/security/PrivilegedAction;Ljava/security/AccessControlContext;)Ljava/lang/Object; (0 bytes) @ 0x000000010264f315 [0x000000010264f240+0xd5]
J 686 C1 java.awt.EventQueue.dispatchEvent(Ljava/awt/AWTEvent;)V (80 bytes) @ 0x0000000102671734 [0x0000000102670880+0xeb4]
J 761 C1 java.awt.EventDispatchThread.pumpOneEventForFilters(I)V (295 bytes) @ 0x0000000102699dfc [0x0000000102698280+0x1b7c]
j  java.awt.EventDispatchThread.pumpEventsForFilter(ILjava/awt/Conditional;Ljava/awt/EventFilter;)V+35
j  java.awt.EventDispatchThread.pumpEventsForHierarchy(ILjava/awt/Conditional;Ljava/awt/Component;)V+11
j  java.awt.EventDispatchThread.pumpEvents(ILjava/awt/Conditional;)V+4
j  java.awt.EventDispatchThread.pumpEvents(Ljava/awt/Conditional;)V+3
j  java.awt.EventDispatchThread.run()V+9
v  ~StubRoutines::call_stub
V  [libjvm.dylib+0x2ee5b6]
V  [libjvm.dylib+0x2eed5a]
V  [libjvm.dylib+0x2eef06]
V  [libjvm.dylib+0x34965d]
V  [libjvm.dylib+0x56b87f]
V  [libjvm.dylib+0x56cf6c]
V  [libjvm.dylib+0x48b376]
C  [libsystem_pthread.dylib+0x399d]  _pthread_body+0x83
C  [libsystem_pthread.dylib+0x391a]  _pthread_body+0x0
C  [libsystem_pthread.dylib+0x1351]  thread_start+0xd
C  0x0000000000000000

Java frames: (J=compiled Java code, j=interpreted, Vv=VM code)
j  DataHelper.insert(JII)V+0
j  DataService.onInsert(J)V+7
j  AVLTreePanel.actionPerformed(Ljava/awt/event/ActionEvent;)V+158
j  javax.swing.AbstractButton.fireActionPerformed(Ljava/awt/event/ActionEvent;)V+83
j  javax.swing.AbstractButton$Handler.actionPerformed(Ljava/awt/event/ActionEvent;)V+5
j  javax.swing.DefaultButtonModel.fireActionPerformed(Ljava/awt/event/ActionEvent;)V+34
j  javax.swing.DefaultButtonModel.setPressed(Z)V+117
j  javax.swing.plaf.basic.BasicButtonListener.mouseReleased(Ljava/awt/event/MouseEvent;)V+35
j  java.awt.Component.processMouseEvent(Ljava/awt/event/MouseEvent;)V+64
j  javax.swing.JComponent.processMouseEvent(Ljava/awt/event/MouseEvent;)V+23
j  java.awt.Component.processEvent(Ljava/awt/AWTEvent;)V+81
j  java.awt.Container.processEvent(Ljava/awt/AWTEvent;)V+18
J 822 C1 java.awt.Component.dispatchEventImpl(Ljava/awt/AWTEvent;)V (883 bytes) @ 0x00000001026dd9bc [0x00000001026d8480+0x553c]
J 701 C1 java.awt.Container.dispatchEventImpl(Ljava/awt/AWTEvent;)V (129 bytes) @ 0x000000010267a6ec [0x000000010267a5a0+0x14c]
J 700 C1 java.awt.Component.dispatchEvent(Ljava/awt/AWTEvent;)V (6 bytes) @ 0x000000010267a204 [0x000000010267a100+0x104]
j  java.awt.LightweightDispatcher.retargetMouseEvent(Ljava/awt/Component;ILjava/awt/event/MouseEvent;)V+327
j  java.awt.LightweightDispatcher.processMouseEvent(Ljava/awt/event/MouseEvent;)Z+155
J 860 C1 java.awt.LightweightDispatcher.dispatchEvent(Ljava/awt/AWTEvent;)Z (73 bytes) @ 0x00000001026f7bb4 [0x00000001026f7780+0x434]
J 701 C1 java.awt.Container.dispatchEventImpl(Ljava/awt/AWTEvent;)V (129 bytes) @ 0x000000010267a68c [0x000000010267a5a0+0xec]
j  java.awt.Window.dispatchEventImpl(Ljava/awt/AWTEvent;)V+19
J 760 C1 java.awt.EventQueue.dispatchEventImpl(Ljava/awt/AWTEvent;Ljava/lang/Object;)V (149 bytes) @ 0x000000010269eee4 [0x000000010269d680+0x1864]
J 766 C1 java.awt.EventQueue$3.run()Ljava/lang/Void; (60 bytes) @ 0x00000001026a1594 [0x00000001026a1380+0x214]
J 687 C1 java.awt.EventQueue$3.run()Ljava/lang/Object; (5 bytes) @ 0x000000010266d88c [0x000000010266d800+0x8c]
v  ~StubRoutines::call_stub
J 599  java.security.AccessController.doPrivileged(Ljava/security/PrivilegedAction;Ljava/security/AccessControlContext;)Ljava/lang/Object; (0 bytes) @ 0x000000010264f2a3 [0x000000010264f240+0x63]
J 692 C1 java.awt.EventQueue$4.run()Ljava/lang/Object; (5 bytes) @ 0x000000010267436c [0x0000000102673f40+0x42c]
v  ~StubRoutines::call_stub
J 599  java.security.AccessController.doPrivileged(Ljava/security/PrivilegedAction;Ljava/security/AccessControlContext;)Ljava/lang/Object; (0 bytes) @ 0x000000010264f2a3 [0x000000010264f240+0x63]
J 686 C1 java.awt.EventQueue.dispatchEvent(Ljava/awt/AWTEvent;)V (80 bytes) @ 0x0000000102671734 [0x0000000102670880+0xeb4]
J 761 C1 java.awt.EventDispatchThread.pumpOneEventForFilters(I)V (295 bytes) @ 0x0000000102699dfc [0x0000000102698280+0x1b7c]
j  java.awt.EventDispatchThread.pumpEventsForFilter(ILjava/awt/Conditional;Ljava/awt/EventFilter;)V+35
j  java.awt.EventDispatchThread.pumpEventsForHierarchy(ILjava/awt/Conditional;Ljava/awt/Component;)V+11
j  java.awt.EventDispatchThread.pumpEvents(ILjava/awt/Conditional;)V+4
j  java.awt.EventDispatchThread.pumpEvents(Ljava/awt/Conditional;)V+3
j  java.awt.EventDispatchThread.run()V+9
v  ~StubRoutines::call_stub

---------------  P R O C E S S  ---------------

Java Threads: ( => current thread )
  0x00007ff18a485000 JavaThread "TimerQueue" daemon [_thread_blocked, id=60071, stack(0x00007000017e8000,0x00007000018e8000)]
  0x00007ff18a465000 JavaThread "DestroyJavaVM" [_thread_blocked, id=4099, stack(0x0000700000084000,0x0000700000184000)]
=>0x00007ff189174000 JavaThread "AWT-EventQueue-0" [_thread_in_native, id=55063, stack(0x00007000016e5000,0x00007000017e5000)]
  0x00007ff188aa3800 JavaThread "Java2D Disposer" daemon [_thread_blocked, id=54019, stack(0x000070000155f000,0x000070000165f000)]
  0x00007ff189903800 JavaThread "Java2D Queue Flusher" daemon [_thread_blocked, id=50951, stack(0x000070000145c000,0x000070000155c000)]
  0x00007ff1890d7800 JavaThread "AWT-Shutdown" [_thread_blocked, id=30739, stack(0x00007000012d6000,0x00007000013d6000)]
  0x00007ff1888dd800 JavaThread "AppKit Thread" daemon [_thread_in_native, id=2571, stack(0x00007fff5ec20000,0x00007fff5f420000)]
  0x00007ff18984d000 JavaThread "Service Thread" daemon [_thread_blocked, id=19459, stack(0x0000700000f47000,0x0000700001047000)]
  0x00007ff189045800 JavaThread "C1 CompilerThread2" daemon [_thread_blocked, id=18947, stack(0x0000700000e44000,0x0000700000f44000)]
  0x00007ff18902c000 JavaThread "C2 CompilerThread1" daemon [_thread_blocked, id=18435, stack(0x0000700000d41000,0x0000700000e41000)]
  0x00007ff18983e000 JavaThread "C2 CompilerThread0" daemon [_thread_blocked, id=17923, stack(0x0000700000c3e000,0x0000700000d3e000)]
  0x00007ff18889a800 JavaThread "Monitor Ctrl-Break" daemon [_thread_in_native, id=17411, stack(0x0000700000b3b000,0x0000700000c3b000)]
  0x00007ff18a01e800 JavaThread "Signal Dispatcher" daemon [_thread_blocked, id=13327, stack(0x0000700000a38000,0x0000700000b38000)]
  0x00007ff188839000 JavaThread "Finalizer" daemon [_thread_blocked, id=12803, stack(0x000070000082f000,0x000070000092f000)]
  0x00007ff18900f800 JavaThread "Reference Handler" daemon [_thread_blocked, id=12291, stack(0x000070000072c000,0x000070000082c000)]

Other Threads:
  0x00007ff18880b800 VMThread [stack: 0x0000700000629000,0x0000700000729000] [id=11779]
  0x00007ff18889d000 WatcherThread [stack: 0x000070000104a000,0x000070000114a000] [id=19971]

VM state:not at safepoint (normal execution)

VM Mutex/Monitor currently owned by a thread: None

Heap:
 PSYoungGen      total 38400K, used 17373K [0x0000000795580000, 0x0000000798000000, 0x00000007c0000000)
  eden space 33280K, 52% used [0x0000000795580000,0x00000007966777e0,0x0000000797600000)
  from space 5120K, 0% used [0x0000000797b00000,0x0000000797b00000,0x0000000798000000)
  to   space 5120K, 0% used [0x0000000797600000,0x0000000797600000,0x0000000797b00000)
 ParOldGen       total 87552K, used 0K [0x0000000740000000, 0x0000000745580000, 0x0000000795580000)
  object space 87552K, 0% used [0x0000000740000000,0x0000000740000000,0x0000000745580000)
 Metaspace       used 11478K, capacity 11810K, committed 12160K, reserved 1060864K
  class space    used 1431K, capacity 1552K, committed 1664K, reserved 1048576K

Card table byte_map: [0x00000001117c0000,0x0000000111bc1000] byte_map_base: 0x000000010ddc0000

Marking Bits: (ParMarkBitMap*) 0x0000000101361ea0
 Begin Bits: [0x0000000111e6c000, 0x0000000113e6c000)
 End Bits:   [0x0000000113e6c000, 0x0000000115e6c000)

Polling page: 0x0000000101a5a000

CodeCache: size=245760Kb used=3161Kb max_used=3161Kb free=242599Kb
 bounds [0x0000000102400000, 0x0000000102720000, 0x0000000111400000]
 total_blobs=1441 nmethods=913 adapters=442
 compilation: enabled

Compilation events (10 events):
Event: 8.104 Thread 0x00007ff189045800  909       3       sun.java2d.SunGraphics2D::dispose (12 bytes)
Event: 8.105 Thread 0x00007ff189045800 nmethod 909 0x0000000102714dd0 code [0x0000000102714f40, 0x0000000102715168]
Event: 8.105 Thread 0x00007ff189045800  908       3       sun.awt.AppContext::getSoftReferenceValue (59 bytes)
Event: 8.106 Thread 0x00007ff189045800 nmethod 908 0x0000000102715210 code [0x0000000102715400, 0x0000000102715d18]
Event: 8.106 Thread 0x00007ff189045800  910       3       javax.swing.RepaintManager::currentManager (37 bytes)
Event: 8.106 Thread 0x00007ff189045800 nmethod 910 0x0000000102716090 code [0x0000000102716220, 0x00000001027166a8]
Event: 8.106 Thread 0x00007ff189045800  911       1       sun.awt.image.SunVolatileImage::getWidth (5 bytes)
Event: 8.106 Thread 0x00007ff189045800 nmethod 911 0x00000001027167d0 code [0x0000000102716920, 0x0000000102716a30]
Event: 8.106 Thread 0x00007ff189045800  912       1       sun.awt.image.SunVolatileImage::getHeight (5 bytes)
Event: 8.106 Thread 0x00007ff189045800 nmethod 912 0x0000000102716a90 code [0x0000000102716be0, 0x0000000102716cf0]

GC Heap History (0 events):
No events

Deoptimization events (4 events):
Event: 4.001 Thread 0x00007ff189174000 Uncommon trap: reason=class_check action=maybe_recompile pc=0x0000000102587158 method=java.lang.String.equals(Ljava/lang/Object;)Z @ 8
Event: 4.001 Thread 0x00007ff189174000 Uncommon trap: reason=class_check action=maybe_recompile pc=0x0000000102587158 method=java.lang.String.equals(Ljava/lang/Object;)Z @ 8
Event: 4.410 Thread 0x00007ff189174000 Uncommon trap: reason=class_check action=maybe_recompile pc=0x0000000102587158 method=java.lang.String.equals(Ljava/lang/Object;)Z @ 8
Event: 4.410 Thread 0x00007ff189174000 Uncommon trap: reason=class_check action=maybe_recompile pc=0x0000000102587158 method=java.lang.String.equals(Ljava/lang/Object;)Z @ 8

Internal exceptions (10 events):
Event: 0.188 Thread 0x00007ff18880f000 Exception <a 'java/security/PrivilegedActionException'> (0x000000079566fd70) thrown at [/Users/java_re/workspace/8-2-build-macosx-x86_64/jdk8u131/8869/hotspot/src/share/vm/prims/jvm.cpp, line 1390]
Event: 0.188 Thread 0x00007ff18880f000 Exception <a 'java/security/PrivilegedActionException'> (0x000000079566ff80) thrown at [/Users/java_re/workspace/8-2-build-macosx-x86_64/jdk8u131/8869/hotspot/src/share/vm/prims/jvm.cpp, line 1390]
Event: 0.258 Thread 0x00007ff18880f000 Exception <a 'java/security/PrivilegedActionException'> (0x0000000795902d50) thrown at [/Users/java_re/workspace/8-2-build-macosx-x86_64/jdk8u131/8869/hotspot/src/share/vm/prims/jvm.cpp, line 1390]
Event: 0.258 Thread 0x00007ff18880f000 Exception <a 'java/security/PrivilegedActionException'> (0x0000000795902f60) thrown at [/Users/java_re/workspace/8-2-build-macosx-x86_64/jdk8u131/8869/hotspot/src/share/vm/prims/jvm.cpp, line 1390]
Event: 0.263 Thread 0x00007ff18880f000 Exception <a 'java/security/PrivilegedActionException'> (0x0000000795906290) thrown at [/Users/java_re/workspace/8-2-build-macosx-x86_64/jdk8u131/8869/hotspot/src/share/vm/prims/jvm.cpp, line 1390]
Event: 0.263 Thread 0x00007ff18880f000 Exception <a 'java/security/PrivilegedActionException'> (0x00000007959064a0) thrown at [/Users/java_re/workspace/8-2-build-macosx-x86_64/jdk8u131/8869/hotspot/src/share/vm/prims/jvm.cpp, line 1390]
Event: 0.350 Thread 0x00007ff18880f000 Exception <a 'java/lang/NoSuchFieldError': method resolution failed> (0x0000000795a4c9e8) thrown at [/Users/java_re/workspace/8-2-build-macosx-x86_64/jdk8u131/8869/hotspot/src/share/vm/prims/methodHandles.cpp, line 1146]
Event: 0.353 Thread 0x00007ff18880f000 Exception <a 'java/lang/NoSuchFieldError': method resolution failed> (0x0000000795a5ac60) thrown at [/Users/java_re/workspace/8-2-build-macosx-x86_64/jdk8u131/8869/hotspot/src/share/vm/prims/methodHandles.cpp, line 1146]
Event: 0.571 Thread 0x00007ff18880f000 Exception <a 'java/io/FileNotFoundException'> (0x0000000795afc298) thrown at [/Users/java_re/workspace/8-2-build-macosx-x86_64/jdk8u131/8869/hotspot/src/share/vm/prims/jni.cpp, line 709]
Event: 0.571 Thread 0x00007ff18880f000 Exception <a 'java/io/FileNotFoundException'> (0x0000000795afce40) thrown at [/Users/java_re/workspace/8-2-build-macosx-x86_64/jdk8u131/8869/hotspot/src/share/vm/prims/jni.cpp, line 709]

Events (10 events):
Event: 4.675 loading class sun/awt/geom/PathConsumer2D done
Event: 4.675 loading class sun/java2d/pipe/ShapeSpanIterator done
Event: 4.677 loading class java/awt/geom/EllipseIterator
Event: 4.677 loading class java/awt/geom/PathIterator
Event: 4.677 loading class java/awt/geom/PathIterator done
Event: 4.677 loading class java/awt/geom/EllipseIterator done
Event: 6.829 loading class javax/swing/Autoscroller
Event: 6.829 loading class javax/swing/Autoscroller done
Event: 6.829 loading class javax/swing/plaf/basic/DragRecognitionSupport
Event: 6.830 loading class javax/swing/plaf/basic/DragRecognitionSupport done


Dynamic libraries:
0x0000000006346000 	/System/Library/Frameworks/Cocoa.framework/Versions/A/Cocoa
0x0000000006346000 	/System/Library/Frameworks/Security.framework/Versions/A/Security
0x0000000006346000 	/System/Library/Frameworks/ApplicationServices.framework/Versions/A/ApplicationServices
0x0000000006346000 	/usr/lib/libz.1.dylib
0x0000000006346000 	/usr/lib/libSystem.B.dylib
0x0000000006346000 	/usr/lib/libobjc.A.dylib
0x0000000006346000 	/System/Library/Frameworks/CoreFoundation.framework/Versions/A/CoreFoundation
0x0000000006346000 	/System/Library/Frameworks/Foundation.framework/Versions/C/Foundation
0x0000000006346000 	/System/Library/Frameworks/AppKit.framework/Versions/C/AppKit
0x0000000006346000 	/System/Library/Frameworks/CoreData.framework/Versions/A/CoreData
0x0000000006346000 	/System/Library/PrivateFrameworks/RemoteViewServices.framework/Versions/A/RemoteViewServices
0x0000000006346000 	/System/Library/PrivateFrameworks/UIFoundation.framework/Versions/A/UIFoundation
0x0000000006346000 	/usr/lib/libScreenReader.dylib
0x0000000006346000 	/System/Library/Frameworks/Accelerate.framework/Versions/A/Accelerate
0x0000000006346000 	/System/Library/Frameworks/IOSurface.framework/Versions/A/IOSurface
0x0000000006346000 	/System/Library/Frameworks/AudioToolbox.framework/Versions/A/AudioToolbox
0x0000000006346000 	/System/Library/Frameworks/AudioUnit.framework/Versions/A/AudioUnit
0x0000000006346000 	/System/Library/PrivateFrameworks/DataDetectorsCore.framework/Versions/A/DataDetectorsCore
0x0000000006346000 	/System/Library/PrivateFrameworks/DesktopServicesPriv.framework/Versions/A/DesktopServicesPriv
0x0000000006346000 	/System/Library/Frameworks/Carbon.framework/Versions/A/Frameworks/HIToolbox.framework/Versions/A/HIToolbox
0x0000000006346000 	/System/Library/Frameworks/QuartzCore.framework/Versions/A/QuartzCore
0x0000000006346000 	/System/Library/Frameworks/Carbon.framework/Versions/A/Frameworks/SpeechRecognition.framework/Versions/A/SpeechRecognition
0x0000000006346000 	/usr/lib/libauto.dylib
0x0000000006346000 	/usr/lib/libicucore.A.dylib
0x0000000006346000 	/usr/lib/libxml2.2.dylib
0x0000000006346000 	/System/Library/PrivateFrameworks/CoreUI.framework/Versions/A/CoreUI
0x0000000006346000 	/System/Library/Frameworks/CoreAudio.framework/Versions/A/CoreAudio
0x0000000006346000 	/System/Library/Frameworks/DiskArbitration.framework/Versions/A/DiskArbitration
0x0000000006346000 	/usr/lib/liblangid.dylib
0x0000000006346000 	/System/Library/PrivateFrameworks/MultitouchSupport.framework/Versions/A/MultitouchSupport
0x0000000006346000 	/System/Library/Frameworks/IOKit.framework/Versions/A/IOKit
0x0000000006346000 	/usr/lib/libDiagnosticMessagesClient.dylib
0x0000000006346000 	/System/Library/Frameworks/CoreServices.framework/Versions/A/CoreServices
0x0000000006346000 	/System/Library/PrivateFrameworks/PerformanceAnalysis.framework/Versions/A/PerformanceAnalysis
0x0000000006346000 	/System/Library/PrivateFrameworks/GenerationalStorage.framework/Versions/A/GenerationalStorage
0x0000000006346000 	/System/Library/Frameworks/OpenGL.framework/Versions/A/OpenGL
0x0000000006346000 	/System/Library/PrivateFrameworks/Sharing.framework/Versions/A/Sharing
0x0000000006346000 	/System/Library/Frameworks/CoreGraphics.framework/Versions/A/CoreGraphics
0x0000000006346000 	/System/Library/Frameworks/CoreImage.framework/Versions/A/CoreImage
0x0000000006346000 	/System/Library/Frameworks/CoreText.framework/Versions/A/CoreText
0x0000000006346000 	/System/Library/Frameworks/ImageIO.framework/Versions/A/ImageIO
0x0000000006346000 	/System/Library/PrivateFrameworks/Backup.framework/Versions/A/Backup
0x0000000006346000 	/usr/lib/libextension.dylib
0x0000000006346000 	/usr/lib/libarchive.2.dylib
0x0000000006346000 	/System/Library/Frameworks/CFNetwork.framework/Versions/A/CFNetwork
0x0000000006346000 	/System/Library/Frameworks/SystemConfiguration.framework/Versions/A/SystemConfiguration
0x0000000006346000 	/usr/lib/libCRFSuite.dylib
0x0000000006346000 	/usr/lib/libc++.1.dylib
0x0000000006346000 	/usr/lib/libc++abi.dylib
0x0000000006346000 	/usr/lib/system/libcache.dylib
0x0000000006346000 	/usr/lib/system/libcommonCrypto.dylib
0x0000000006346000 	/usr/lib/system/libcompiler_rt.dylib
0x0000000006346000 	/usr/lib/system/libcopyfile.dylib
0x0000000006346000 	/usr/lib/system/libcorecrypto.dylib
0x0000000006346000 	/usr/lib/system/libdispatch.dylib
0x0000000006346000 	/usr/lib/system/libdyld.dylib
0x0000000006346000 	/usr/lib/system/libkeymgr.dylib
0x0000000006346000 	/usr/lib/system/liblaunch.dylib
0x0000000006346000 	/usr/lib/system/libmacho.dylib
0x0000000006346000 	/usr/lib/system/libquarantine.dylib
0x0000000006346000 	/usr/lib/system/libremovefile.dylib
0x0000000006346000 	/usr/lib/system/libsystem_asl.dylib
0x0000000006346000 	/usr/lib/system/libsystem_blocks.dylib
0x0000000006346000 	/usr/lib/system/libsystem_c.dylib
0x0000000006346000 	/usr/lib/system/libsystem_configuration.dylib
0x0000000006346000 	/usr/lib/system/libsystem_coreservices.dylib
0x0000000006346000 	/usr/lib/system/libsystem_coretls.dylib
0x0000000006346000 	/usr/lib/system/libsystem_dnssd.dylib
0x0000000006346000 	/usr/lib/system/libsystem_info.dylib
0x0000000006346000 	/usr/lib/system/libsystem_kernel.dylib
0x0000000006346000 	/usr/lib/system/libsystem_m.dylib
0x0000000006346000 	/usr/lib/system/libsystem_malloc.dylib
0x0000000006346000 	/usr/lib/system/libsystem_network.dylib
0x0000000006346000 	/usr/lib/system/libsystem_networkextension.dylib
0x0000000006346000 	/usr/lib/system/libsystem_notify.dylib
0x0000000006346000 	/usr/lib/system/libsystem_platform.dylib
0x0000000006346000 	/usr/lib/system/libsystem_pthread.dylib
0x0000000006346000 	/usr/lib/system/libsystem_sandbox.dylib
0x0000000006346000 	/usr/lib/system/libsystem_secinit.dylib
0x0000000006346000 	/usr/lib/system/libsystem_trace.dylib
0x0000000006346000 	/usr/lib/system/libunc.dylib
0x0000000006346000 	/usr/lib/system/libunwind.dylib
0x0000000006346000 	/usr/lib/system/libxpc.dylib
0x0000000006346000 	/usr/lib/libenergytrace.dylib
0x0000000006346000 	/usr/lib/libbsm.0.dylib
0x0000000006346000 	/usr/lib/system/libkxld.dylib
0x0000000006346000 	/usr/lib/libxar.1.dylib
0x0000000006346000 	/usr/lib/libsqlite3.dylib
0x0000000006346000 	/usr/lib/libpam.2.dylib
0x0000000006346000 	/usr/lib/libOpenScriptingUtil.dylib
0x0000000006346000 	/usr/lib/libbz2.1.0.dylib
0x0000000006346000 	/usr/lib/liblzma.5.dylib
0x0000000006346000 	/System/Library/Frameworks/CoreServices.framework/Versions/A/Frameworks/FSEvents.framework/Versions/A/FSEvents
0x0000000006346000 	/System/Library/Frameworks/CoreServices.framework/Versions/A/Frameworks/CarbonCore.framework/Versions/A/CarbonCore
0x0000000006346000 	/System/Library/Frameworks/CoreServices.framework/Versions/A/Frameworks/Metadata.framework/Versions/A/Metadata
0x0000000006346000 	/System/Library/Frameworks/CoreServices.framework/Versions/A/Frameworks/OSServices.framework/Versions/A/OSServices
0x0000000006346000 	/System/Library/Frameworks/CoreServices.framework/Versions/A/Frameworks/SearchKit.framework/Versions/A/SearchKit
0x0000000006346000 	/System/Library/Frameworks/CoreServices.framework/Versions/A/Frameworks/AE.framework/Versions/A/AE
0x0000000006346000 	/System/Library/Frameworks/CoreServices.framework/Versions/A/Frameworks/LaunchServices.framework/Versions/A/LaunchServices
0x0000000006346000 	/System/Library/Frameworks/CoreServices.framework/Versions/A/Frameworks/DictionaryServices.framework/Versions/A/DictionaryServices
0x0000000006346000 	/System/Library/Frameworks/CoreServices.framework/Versions/A/Frameworks/SharedFileList.framework/Versions/A/SharedFileList
0x0000000006346000 	/System/Library/Frameworks/NetFS.framework/Versions/A/NetFS
0x0000000006346000 	/System/Library/PrivateFrameworks/NetAuth.framework/Versions/A/NetAuth
0x0000000006346000 	/System/Library/PrivateFrameworks/login.framework/Versions/A/Frameworks/loginsupport.framework/Versions/A/loginsupport
0x0000000006346000 	/System/Library/PrivateFrameworks/TCC.framework/Versions/A/TCC
0x0000000006346000 	/usr/lib/libmecabra.dylib
0x0000000006346000 	/System/Library/Frameworks/ApplicationServices.framework/Versions/A/Frameworks/ATS.framework/Versions/A/ATS
0x0000000006346000 	/System/Library/Frameworks/ApplicationServices.framework/Versions/A/Frameworks/ColorSync.framework/Versions/A/ColorSync
0x0000000006346000 	/System/Library/Frameworks/ApplicationServices.framework/Versions/A/Frameworks/HIServices.framework/Versions/A/HIServices
0x0000000006346000 	/System/Library/Frameworks/ApplicationServices.framework/Versions/A/Frameworks/LangAnalysis.framework/Versions/A/LangAnalysis
0x0000000006346000 	/System/Library/Frameworks/ApplicationServices.framework/Versions/A/Frameworks/PrintCore.framework/Versions/A/PrintCore
0x0000000006346000 	/System/Library/Frameworks/ApplicationServices.framework/Versions/A/Frameworks/QD.framework/Versions/A/QD
0x0000000006346000 	/System/Library/Frameworks/ApplicationServices.framework/Versions/A/Frameworks/SpeechSynthesis.framework/Versions/A/SpeechSynthesis
0x0000000006346000 	/System/Library/Frameworks/Metal.framework/Versions/A/Metal
0x0000000006346000 	/System/Library/Frameworks/Accelerate.framework/Versions/A/Frameworks/vImage.framework/Versions/A/vImage
0x0000000006346000 	/System/Library/Frameworks/Accelerate.framework/Versions/A/Frameworks/vecLib.framework/Versions/A/vecLib
0x0000000006346000 	/System/Library/Frameworks/Accelerate.framework/Versions/A/Frameworks/vecLib.framework/Versions/A/libvDSP.dylib
0x0000000006346000 	/System/Library/Frameworks/Accelerate.framework/Versions/A/Frameworks/vecLib.framework/Versions/A/libvMisc.dylib
0x0000000006346000 	/System/Library/Frameworks/Accelerate.framework/Versions/A/Frameworks/vecLib.framework/Versions/A/libLAPACK.dylib
0x0000000006346000 	/System/Library/Frameworks/Accelerate.framework/Versions/A/Frameworks/vecLib.framework/Versions/A/libBLAS.dylib
0x0000000006346000 	/System/Library/Frameworks/Accelerate.framework/Versions/A/Frameworks/vecLib.framework/Versions/A/libLinearAlgebra.dylib
0x0000000006346000 	/System/Library/Frameworks/Accelerate.framework/Versions/A/Frameworks/vecLib.framework/Versions/A/libSparseBLAS.dylib
0x0000000006346000 	/System/Library/PrivateFrameworks/GPUCompiler.framework/libmetal_timestamp.dylib
0x0000000006346000 	/System/Library/Frameworks/OpenGL.framework/Versions/A/Libraries/libCoreFSCache.dylib
0x0000000006346000 	/System/Library/PrivateFrameworks/IOAccelerator.framework/Versions/A/IOAccelerator
0x0000000006346000 	/System/Library/Frameworks/ApplicationServices.framework/Versions/A/Frameworks/ATS.framework/Versions/A/Resources/libFontParser.dylib
0x0000000006346000 	/System/Library/Frameworks/ApplicationServices.framework/Versions/A/Frameworks/ATS.framework/Versions/A/Resources/libFontRegistry.dylib
0x0000000006346000 	/System/Library/PrivateFrameworks/AppleVPA.framework/Versions/A/AppleVPA
0x0000000006346000 	/System/Library/PrivateFrameworks/AppleJPEG.framework/Versions/A/AppleJPEG
0x0000000006346000 	/System/Library/Frameworks/ImageIO.framework/Versions/A/Resources/libJPEG.dylib
0x0000000006346000 	/System/Library/Frameworks/ImageIO.framework/Versions/A/Resources/libTIFF.dylib
0x0000000006346000 	/System/Library/Frameworks/ImageIO.framework/Versions/A/Resources/libPng.dylib
0x0000000006346000 	/System/Library/Frameworks/ImageIO.framework/Versions/A/Resources/libGIF.dylib
0x0000000006346000 	/System/Library/Frameworks/ImageIO.framework/Versions/A/Resources/libJP2.dylib
0x0000000006346000 	/System/Library/Frameworks/ImageIO.framework/Versions/A/Resources/libRadiance.dylib
0x0000000006346000 	/System/Library/Frameworks/CoreVideo.framework/Versions/A/CoreVideo
0x0000000006346000 	/System/Library/Frameworks/OpenGL.framework/Versions/A/Libraries/libGLU.dylib
0x0000000006346000 	/System/Library/Frameworks/OpenGL.framework/Versions/A/Libraries/libGFXShared.dylib
0x0000000006346000 	/System/Library/Frameworks/OpenGL.framework/Versions/A/Libraries/libGL.dylib
0x0000000006346000 	/System/Library/Frameworks/OpenGL.framework/Versions/A/Libraries/libGLImage.dylib
0x0000000006346000 	/System/Library/Frameworks/OpenGL.framework/Versions/A/Libraries/libCVMSPluginSupport.dylib
0x0000000006346000 	/System/Library/Frameworks/OpenGL.framework/Versions/A/Libraries/libCoreVMClient.dylib
0x0000000006346000 	/usr/lib/libcompression.dylib
0x0000000006346000 	/usr/lib/libcups.2.dylib
0x0000000006346000 	/System/Library/Frameworks/Kerberos.framework/Versions/A/Kerberos
0x0000000006346000 	/System/Library/Frameworks/GSS.framework/Versions/A/GSS
0x0000000006346000 	/usr/lib/libresolv.9.dylib
0x0000000006346000 	/usr/lib/libiconv.2.dylib
0x0000000006346000 	/System/Library/PrivateFrameworks/Heimdal.framework/Versions/A/Heimdal
0x0000000006346000 	/usr/lib/libheimdal-asn1.dylib
0x0000000006346000 	/System/Library/Frameworks/OpenDirectory.framework/Versions/A/OpenDirectory
0x0000000006346000 	/System/Library/PrivateFrameworks/CommonAuth.framework/Versions/A/CommonAuth
0x0000000006346000 	/System/Library/Frameworks/OpenDirectory.framework/Versions/A/Frameworks/CFOpenDirectory.framework/Versions/A/CFOpenDirectory
0x0000000006346000 	/System/Library/Frameworks/SecurityFoundation.framework/Versions/A/SecurityFoundation
0x0000000006346000 	/System/Library/PrivateFrameworks/LanguageModeling.framework/Versions/A/LanguageModeling
0x0000000006346000 	/usr/lib/libmarisa.dylib
0x0000000006346000 	/usr/lib/libChineseTokenizer.dylib
0x0000000006346000 	/usr/lib/libcmph.dylib
0x0000000006346000 	/System/Library/Frameworks/ServiceManagement.framework/Versions/A/ServiceManagement
0x0000000006346000 	/usr/lib/libxslt.1.dylib
0x0000000006346000 	/System/Library/Frameworks/Carbon.framework/Versions/A/Frameworks/Ink.framework/Versions/A/Ink
0x0000000006346000 	/usr/lib/libFosl_dynamic.dylib
0x0000000006346000 	/System/Library/PrivateFrameworks/FaceCore.framework/Versions/A/FaceCore
0x0000000006346000 	/System/Library/Frameworks/OpenCL.framework/Versions/A/OpenCL
0x0000000006346000 	/System/Library/PrivateFrameworks/CrashReporterSupport.framework/Versions/A/CrashReporterSupport
0x0000000006346000 	/System/Library/PrivateFrameworks/IconServices.framework/Versions/A/IconServices
0x0000000006346000 	/System/Library/PrivateFrameworks/Apple80211.framework/Versions/A/Apple80211
0x0000000006346000 	/System/Library/Frameworks/CoreWLAN.framework/Versions/A/CoreWLAN
0x0000000006346000 	/System/Library/Frameworks/IOBluetooth.framework/Versions/A/IOBluetooth
0x0000000006346000 	/System/Library/PrivateFrameworks/CoreWiFi.framework/Versions/A/CoreWiFi
0x0000000006346000 	/System/Library/Frameworks/CoreBluetooth.framework/Versions/A/CoreBluetooth
0x0000000006346000 	/System/Library/PrivateFrameworks/ChunkingLibrary.framework/Versions/A/ChunkingLibrary
0x0000000006346000 	/System/Library/PrivateFrameworks/DebugSymbols.framework/Versions/A/DebugSymbols
0x0000000006346000 	/System/Library/PrivateFrameworks/CoreSymbolication.framework/Versions/A/CoreSymbolication
0x0000000006346000 	/System/Library/PrivateFrameworks/Symbolication.framework/Versions/A/Symbolication
0x0000000006346000 	/System/Library/PrivateFrameworks/SpeechRecognitionCore.framework/Versions/A/SpeechRecognitionCore
0x0000000100a2c000 	/System/Library/CoreServices/Encodings/libSimplifiedChineseConverter.dylib
0x0000000100a70000 	/Library/Java/JavaVirtualMachines/jdk1.8.0_131.jdk/Contents/Home/jre/lib/server/libjvm.dylib
0x0000000006346000 	/usr/lib/libstdc++.6.dylib
0x0000000101a17000 	/Library/Java/JavaVirtualMachines/jdk1.8.0_131.jdk/Contents/Home/jre/lib/libverify.dylib
0x0000000101a25000 	/Library/Java/JavaVirtualMachines/jdk1.8.0_131.jdk/Contents/Home/jre/lib/libjava.dylib
0x0000000101a5b000 	/Library/Java/JavaVirtualMachines/jdk1.8.0_131.jdk/Contents/Home/jre/lib/libinstrument.dylib
0x0000000101ab9000 	/Library/Java/JavaVirtualMachines/jdk1.8.0_131.jdk/Contents/Home/jre/lib/libzip.dylib
0x0000000117c02000 	/System/Library/Frameworks/JavaVM.framework/Frameworks/JavaRuntimeSupport.framework/JavaRuntimeSupport
0x0000000117c1d000 	/System/Library/Frameworks/JavaVM.framework/Versions/A/Frameworks/JavaNativeFoundation.framework/Versions/A/JavaNativeFoundation
0x0000000117c32000 	/System/Library/Frameworks/JavaVM.framework/Versions/A/JavaVM
0x0000000006346000 	/System/Library/Frameworks/Carbon.framework/Versions/A/Carbon
0x0000000117c3f000 	/System/Library/PrivateFrameworks/JavaLaunching.framework/Versions/A/JavaLaunching
0x0000000006346000 	/System/Library/Frameworks/Carbon.framework/Versions/A/Frameworks/CommonPanels.framework/Versions/A/CommonPanels
0x0000000006346000 	/System/Library/Frameworks/Carbon.framework/Versions/A/Frameworks/Help.framework/Versions/A/Help
0x0000000006346000 	/System/Library/Frameworks/Carbon.framework/Versions/A/Frameworks/ImageCapture.framework/Versions/A/ImageCapture
0x0000000006346000 	/System/Library/Frameworks/Carbon.framework/Versions/A/Frameworks/OpenScripting.framework/Versions/A/OpenScripting
0x0000000006346000 	/System/Library/Frameworks/Carbon.framework/Versions/A/Frameworks/Print.framework/Versions/A/Print
0x0000000006346000 	/System/Library/Frameworks/Carbon.framework/Versions/A/Frameworks/SecurityHI.framework/Versions/A/SecurityHI
0x00000001196b7000 	/Library/Java/JavaVirtualMachines/jdk1.8.0_131.jdk/Contents/Home/jre/lib/libnet.dylib
0x000000011971b000 	/Library/Java/JavaVirtualMachines/jdk1.8.0_131.jdk/Contents/Home/jre/lib/libawt.dylib
0x00000001197c3000 	/Library/Java/JavaVirtualMachines/jdk1.8.0_131.jdk/Contents/Home/jre/lib/./libmlib_image.dylib
0x000000011988f000 	/Library/Java/JavaVirtualMachines/jdk1.8.0_131.jdk/Contents/Home/jre/lib/libawt_lwawt.dylib
0x0000000119946000 	/Library/Java/JavaVirtualMachines/jdk1.8.0_131.jdk/Contents/Home/jre/lib/./libosxapp.dylib
0x0000000006346000 	/System/Library/Frameworks/ExceptionHandling.framework/Versions/A/ExceptionHandling
0x0000000006346000 	/System/Library/PrivateFrameworks/CoreServicesInternal.framework/Versions/A/CoreServicesInternal
0x0000000006346000 	/System/Library/Frameworks/CoreGraphics.framework/Versions/A/Resources/libRIP.A.dylib
0x0000000006346000 	/System/Library/Frameworks/Accelerate.framework/Versions/A/Frameworks/vImage.framework/Versions/A/Libraries/libCGInterfaces.dylib
0x0000000006346000 	/System/Library/Frameworks/CoreGraphics.framework/Versions/A/Resources/libCGXType.A.dylib
0x0000000006346000 	/System/Library/Frameworks/OpenCL.framework/Versions/A/Libraries/libcldcpuengine.dylib
0x0000000006346000 	/System/Library/PrivateFrameworks/DiskImages.framework/Versions/A/DiskImages
0x0000000006346000 	/System/Library/Frameworks/DiscRecording.framework/Versions/A/DiscRecording
0x0000000006346000 	/usr/lib/libcsfde.dylib
0x0000000006346000 	/usr/lib/libcurl.4.dylib
0x0000000006346000 	/System/Library/PrivateFrameworks/MediaKit.framework/Versions/A/MediaKit
0x0000000006346000 	/System/Library/PrivateFrameworks/ProtectedCloudStorage.framework/Versions/A/ProtectedCloudStorage
0x0000000006346000 	/usr/lib/libCoreStorage.dylib
0x0000000006346000 	/System/Library/PrivateFrameworks/EFILogin.framework/Versions/A/EFILogin
0x0000000006346000 	/usr/lib/libutil.dylib
0x0000000006346000 	/System/Library/PrivateFrameworks/FindMyDevice.framework/Versions/A/FindMyDevice
0x0000000006346000 	/System/Library/Frameworks/LDAP.framework/Versions/A/LDAP
0x0000000006346000 	/usr/lib/libsasl2.2.dylib
0x0000000006346000 	/System/Library/PrivateFrameworks/CoreDaemon.framework/Versions/B/CoreDaemon
0x0000000006346000 	/usr/lib/libcrypto.0.9.8.dylib
0x0000000006346000 	/System/Library/PrivateFrameworks/AppleSRP.framework/Versions/A/AppleSRP
0x0000000006346000 	/System/Library/PrivateFrameworks/TrustEvaluationAgent.framework/Versions/A/TrustEvaluationAgent
0x000000011bc34000 	cl_kernels
0x0000000006346000 	/System/Library/Frameworks/OpenCL.framework/Versions/A/Libraries/ImageFormats/unorm8_bgra.dylib
0x0000000006346000 	/System/Library/Frameworks/OpenCL.framework/Versions/A/Libraries/ImageFormats/unorm8_rgba.dylib
0x0000000006346000 	/System/Library/PrivateFrameworks/FamilyControls.framework/Versions/A/FamilyControls
0x0000000006346000 	/System/Library/PrivateFrameworks/CommerceKit.framework/Versions/A/Frameworks/CommerceCore.framework/Versions/A/CommerceCore
0x0000000006346000 	/System/Library/PrivateFrameworks/SystemAdministration.framework/Versions/A/SystemAdministration
0x0000000006346000 	/System/Library/PrivateFrameworks/AppContainer.framework/Versions/A/AppContainer
0x0000000006346000 	/System/Library/PrivateFrameworks/SecCodeWrapper.framework/Versions/A/SecCodeWrapper
0x0000000006346000 	/System/Library/Frameworks/DirectoryService.framework/Versions/A/DirectoryService
0x0000000006346000 	/System/Library/PrivateFrameworks/LoginUIKit.framework/Versions/A/Frameworks/LoginUICore.framework/Versions/A/LoginUICore
0x0000000006346000 	/usr/lib/libodfde.dylib
0x000000011cd67000 	/Library/Java/JavaVirtualMachines/jdk1.8.0_131.jdk/Contents/Home/jre/lib/libfontmanager.dylib
0x000000011ad65000 	/Library/Java/JavaVirtualMachines/jdk1.8.0_131.jdk/Contents/Home/jre/lib/libosxui.dylib
0x0000000006346000 	/System/Library/Frameworks/OpenGL.framework/Versions/A/Resources/GLEngine.bundle/GLEngine
0x0000000006346000 	/System/Library/Frameworks/OpenGL.framework/Versions/A/Libraries/libGLProgrammability.dylib
0x000000011d80c000 	/System/Library/Extensions/AppleIntelBDWGraphicsGLDriver.bundle/Contents/MacOS/AppleIntelBDWGraphicsGLDriver
0x0000000006346000 	/System/Library/PrivateFrameworks/GPUSupport.framework/Versions/A/Libraries/libGPUSupportMercury.dylib
0x0000000006346000 	/System/Library/Frameworks/OpenGL.framework/Versions/A/Resources/GLRendererFloat.bundle/GLRendererFloat
0x000000011e785000 	/Users/alberthumbert/Desktop/AVLVisualization/jni-lib/libavl-lib.dylib
0x0000000121e02000 	/System/Library/Extensions/AppleIntelBDWGraphicsMTLDriver.bundle/Contents/MacOS/AppleIntelBDWGraphicsMTLDriver
0x000000011fe5e000 	/Library/Java/JavaVirtualMachines/jdk1.8.0_131.jdk/Contents/Home/jre/lib/libnio.dylib
0x0000000006346000 	/System/Library/Frameworks/ApplicationServices.framework/Versions/A/Frameworks/ATS.framework/Versions/A/Resources/libTrueTypeScaler.dylib

VM Arguments:
jvm_args: -javaagent:/Applications/IntelliJ IDEA CE.app/Contents/lib/idea_rt.jar=65107:/Applications/IntelliJ IDEA CE.app/Contents/bin -Dfile.encoding=UTF-8 
java_command: AVLApplication
java_class_path (initial): /Library/Java/JavaVirtualMachines/jdk1.8.0_131.jdk/Contents/Home/jre/lib/charsets.jar:/Library/Java/JavaVirtualMachines/jdk1.8.0_131.jdk/Contents/Home/jre/lib/deploy.jar:/Library/Java/JavaVirtualMachines/jdk1.8.0_131.jdk/Contents/Home/jre/lib/ext/cldrdata.jar:/Library/Java/JavaVirtualMachines/jdk1.8.0_131.jdk/Contents/Home/jre/lib/ext/dnsns.jar:/Library/Java/JavaVirtualMachines/jdk1.8.0_131.jdk/Contents/Home/jre/lib/ext/jaccess.jar:/Library/Java/JavaVirtualMachines/jdk1.8.0_131.jdk/Contents/Home/jre/lib/ext/jfxrt.jar:/Library/Java/JavaVirtualMachines/jdk1.8.0_131.jdk/Contents/Home/jre/lib/ext/localedata.jar:/Library/Java/JavaVirtualMachines/jdk1.8.0_131.jdk/Contents/Home/jre/lib/ext/nashorn.jar:/Library/Java/JavaVirtualMachines/jdk1.8.0_131.jdk/Contents/Home/jre/lib/ext/sunec.jar:/Library/Java/JavaVirtualMachines/jdk1.8.0_131.jdk/Contents/Home/jre/lib/ext/sunjce_provider.jar:/Library/Java/JavaVirtualMachines/jdk1.8.0_131.jdk/Contents/Home/jre/lib/ext/sunpkcs11.jar:/Library/Java/JavaVirtualMachines/jdk1.8.0_131.jdk/Contents/Home/jre/lib/ext/zipfs.jar:/Library/Java/JavaVirtualMachines/jdk1.8.0_131.jdk/Contents/Home/jre/lib/javaws.jar:/Library/Java/JavaVirtualMachines/jdk1.8.0_131.jdk/Contents/Home/jre/lib/jce.jar:/Library/Java/JavaVirtualMachines/jdk1.8.0_131.jdk/Contents/Home/jre/lib/jfr.jar:/Library/Java/JavaVirtualMachines/jdk1.8.0_131.jdk/Contents/Home/jre/lib/jfxswt.jar:/Library/Java/JavaVirtualMachines/jdk1.8.0_131.jdk/Contents/Home/jre/lib/jsse.jar:/Library/Java/JavaVirtualMachines/jdk1.8.0_131.jdk/Contents/Home/jre/lib/management-agent.jar:/Library/Java/JavaVirtualMachines/jdk1.8.0_131.jdk/Contents/Home/jre/lib/plugin.jar:/Library/Java/JavaVirtualMachines/jdk1.8.0_131.jdk/Contents/Home/jre/lib/resources.jar:/Library/Java/JavaVirtualMachines/jdk1.8.0_131.jdk/Contents/Home/jre/lib/rt.jar:/Library/Java/JavaVirtualMachines/jdk1.8.0_131.jdk/Contents/Home/lib/ant-javafx.jar:/Library/Java/JavaVirtualMachines/jdk1.8.0_131.jdk/Contents/Home
Launcher Type: SUN_STANDARD

Environment Variables:
PATH=/path/to/java:/usr/local/bin:/Users/alberthumbert/.autojump/bin:/Users/alberthumbert/.autojump/bin:/Library/Frameworks/Python.framework/Versions/3.6/bin:/usr/local/bin:/usr/bin:/bin:/usr/sbin:/sbin:/usr/local/go/bin:/usr/local/mysql/bini:/Users/alberthumbert/Library/Android/sdk/platform-tools:ANDROID_HOME/tools:/Users/alberthumbert/Library/Android/sdk:/Users/alberthumbert/Library/Android/sdk/ndk-bundle
SHELL=/bin/zsh

Signal Handlers:
SIGSEGV: [libjvm.dylib+0x5b1eb1], sa_mask[0]=11111111011111110111111111111111, sa_flags=SA_ONSTACK|SA_RESTART|SA_SIGINFO
SIGBUS: [libjvm.dylib+0x5b1eb1], sa_mask[0]=11111111011111110111111111111111, sa_flags=SA_RESTART|SA_SIGINFO
SIGFPE: [libjvm.dylib+0x488988], sa_mask[0]=11111111011111110111111111111111, sa_flags=SA_RESTART|SA_SIGINFO
SIGPIPE: [libjvm.dylib+0x488988], sa_mask[0]=11111111011111110111111111111111, sa_flags=SA_RESTART|SA_SIGINFO
SIGXFSZ: [libjvm.dylib+0x488988], sa_mask[0]=11111111011111110111111111111111, sa_flags=SA_RESTART|SA_SIGINFO
SIGILL: [libjvm.dylib+0x488988], sa_mask[0]=11111111011111110111111111111111, sa_flags=SA_RESTART|SA_SIGINFO
SIGUSR1: SIG_DFL, sa_mask[0]=00000000000000000000000000000000, sa_flags=none
SIGUSR2: [libjvm.dylib+0x4884a6], sa_mask[0]=00100000000000000000000000000000, sa_flags=SA_RESTART|SA_SIGINFO
SIGHUP: [libjvm.dylib+0x486a7d], sa_mask[0]=11111111011111110111111111111111, sa_flags=SA_RESTART|SA_SIGINFO
SIGINT: [libjvm.dylib+0x486a7d], sa_mask[0]=11111111011111110111111111111111, sa_flags=SA_RESTART|SA_SIGINFO
SIGTERM: [libjvm.dylib+0x486a7d], sa_mask[0]=11111111011111110111111111111111, sa_flags=SA_RESTART|SA_SIGINFO
SIGQUIT: [libjvm.dylib+0x486a7d], sa_mask[0]=11111111011111110111111111111111, sa_flags=SA_RESTART|SA_SIGINFO


---------------  S Y S T E M  ---------------

OS:Bsduname:Darwin 15.6.0 Darwin Kernel Version 15.6.0: Thu Jun 23 18:25:34 PDT 2016; root:xnu-3248.60.10~1/RELEASE_X86_64 x86_64
rlimit: STACK 8192k, CORE 0k, NPROC 709, NOFILE 10240, AS infinity
load average:4.79 4.27 3.41

CPU:total 4 (initial active 4) (2 cores per cpu, 2 threads per core) family 6 model 61 stepping 4, cmov, cx8, fxsr, mmx, sse, sse2, sse3, ssse3, sse4.1, sse4.2, popcnt, avx, avx2, aes, clmul, erms, 3dnowpref, lzcnt, ht, tsc, tscinvbit, bmi1, bmi2, adx

Memory: 4k page, physical 8388608k(134660k free)

/proc/meminfo:


vm_info: Java HotSpot(TM) 64-Bit Server VM (25.131-b11) for bsd-amd64 JRE (1.8.0_131-b11), built on Mar 15 2017 01:32:22 by "java_re" with gcc 4.2.1 (Based on Apple Inc. build 5658) (LLVM build 2336.11.00)

time: Sun Dec 24 15:47:17 2017
elapsed time: 8 seconds (0d 0h 0m 8s)

