#
# A fatal error has been detected by the Java Runtime Environment:
#
#  SIGSEGV (0xb) at pc=0x0000000120e67a8b, pid=42647, tid=0x000000000000e107
#
# JRE version: Java(TM) SE Runtime Environment (8.0_131-b11) (build 1.8.0_131-b11)
# Java VM: Java HotSpot(TM) 64-Bit Server VM (25.131-b11 mixed mode bsd-amd64 compressed oops)
# Problematic frame:
# C  [libavl-lib.dylib+0x1a8b]  releaseAVLTreeRecursively+0x1b
#
# Failed to write core dump. Core dumps have been disabled. To enable core dumping, try "ulimit -c unlimited" before starting Java again
#
# If you would like to submit a bug report, please visit:
#   http://bugreport.java.com/bugreport/crash.jsp
# The crash happened outside the Java Virtual Machine in native code.
# See problematic frame for where to report the bug.
#

---------------  T H R E A D  ---------------

Current thread (0x00007faeab9ea000):  JavaThread "AWT-EventQueue-0" [_thread_in_native, id=57607, stack(0x0000700001662000,0x0000700001762000)]

siginfo: si_signo: 11 (SIGSEGV), si_code: 0 (unknown), si_addr: 0x0000000000000000

Registers:
RAX=0xe00007faeb0503c1, RBX=0x0000000118c71f38, RCX=0x0000000000000018, RDX=0x0000000118c722a8
RSP=0x000070000175f3d0, RBP=0x000070000175f3e0, RSI=0x000070000175f4a8, RDI=0xe00007faeb0503c1
R8 =0x0000000000000000, R9 =0x0000000795fd9ae0, R10=0x0000000104a179c8, R11=0x0000000103634dcb
R12=0x0000000000000000, R13=0x0000000118c71f38, R14=0x000070000175f4a8, R15=0x00007faeab9ea000
RIP=0x0000000120e67a8b, EFLAGS=0x0000000000010282, ERR=0x0000000000000000
  TRAPNO=0x000000000000000d

Top of Stack: (sp=0x000070000175f3d0)
0x000070000175f3d0:   000070000175f420 e00007faeb0503c1
0x000070000175f3e0:   000070000175f400 0000000120e67aef
0x000070000175f3f0:   00007faeb05ea570 00000001035be8f6
0x000070000175f400:   000070000175f430 0000000120e69e90
0x000070000175f410:   0000000795585e58 00000001035b91c6
0x000070000175f420:   000070000175f4a8 00007faeab9ea1f8
0x000070000175f430:   000070000175f488 0000000104a179f4
0x000070000175f440:   00000007c005ce10 000070000175f448
0x000070000175f450:   0000000000000000 000070000175f4a8
0x000070000175f460:   0000000118c722a8 0000000000000000
0x000070000175f470:   0000000118c71f38 0000000000000000
0x000070000175f480:   000070000175f4a8 000070000175f4f0
0x000070000175f490:   0000000104a082bd 0000000000000000
0x000070000175f4a0:   0000000104a11538 0000000795fd12c0
0x000070000175f4b0:   000070000175f4b0 0000000118c7164c
0x000070000175f4c0:   000070000175f500 0000000118c71778
0x000070000175f4d0:   0000000000000000 0000000118c71668
0x000070000175f4e0:   000070000175f4a8 000070000175f500
0x000070000175f4f0:   000070000175f548 0000000104a08302
0x000070000175f500:   0000000795fcd4e0 000070000175f508
0x000070000175f510:   0000000118c7046a 000070000175f570
0x000070000175f520:   0000000118c707b8 0000000000000000
0x000070000175f530:   0000000118c704a0 000070000175f500
0x000070000175f540:   000070000175f568 000070000175f5b8
0x000070000175f550:   0000000104a08302 0000000000000003
0x000070000175f560:   00000007957633c0 0000000796632990
0x000070000175f570:   0000000795b09078 000070000175f578
0x000070000175f580:   0000000118ba2723 000070000175f5f0
0x000070000175f590:   0000000118f080f8 0000000000000000
0x000070000175f5a0:   0000000118ba2748 000070000175f568
0x000070000175f5b0:   000070000175f5e8 000070000175f638
0x000070000175f5c0:   0000000104a082bd 00000007957633c0 

Instructions: (pc=0x0000000120e67a8b)
0x0000000120e67a6b:   00 00 00 00 00 55 48 89 e5 48 83 ec 10 48 89 7d
0x0000000120e67a7b:   f8 48 83 7d f8 00 0f 84 26 00 00 00 48 8b 45 f8
0x0000000120e67a8b:   48 8b 78 18 e8 dc ff ff ff 48 8b 45 f8 48 8b 78
0x0000000120e67a9b:   20 e8 cf ff ff ff 48 8b 45 f8 48 89 c7 e8 f3 23 

Register to memory mapping:

RAX=0xe00007faeb0503c1 is an unknown value
RBX={method} {0x0000000118c71f38} 'fireAll' '()V' in 'DataHelper'
RCX=0x0000000000000018 is an unknown value
RDX=0x0000000118c722a8 is pointing into metadata
RSP=0x000070000175f3d0 is pointing into the stack for thread: 0x00007faeab9ea000
RBP=0x000070000175f3e0 is pointing into the stack for thread: 0x00007faeab9ea000
RSI=0x000070000175f4a8 is pointing into the stack for thread: 0x00007faeab9ea000
RDI=0xe00007faeb0503c1 is an unknown value
R8 =0x0000000000000000 is an unknown value
R9 =0x0000000795fd9ae0 is an oop
[Ljava.security.ProtectionDomain; 
 - klass: 'java/security/ProtectionDomain'[]
 - length: 1
R10=0x0000000104a179c8 is at code_begin+808 in an Interpreter codelet
method entry point (kind = native)  [0x0000000104a176a0, 0x0000000104a17fa0]  2304 bytes
R11=0x0000000103634dcb: throw_unsatisfied_link_error+0 in /Library/Java/JavaVirtualMachines/jdk1.8.0_131.jdk/Contents/Home/jre/lib/server/libjvm.dylib at 0x0000000103150000
R12=0x0000000000000000 is an unknown value
R13={method} {0x0000000118c71f38} 'fireAll' '()V' in 'DataHelper'
R14=0x000070000175f4a8 is pointing into the stack for thread: 0x00007faeab9ea000
R15=0x00007faeab9ea000 is a thread


Stack: [0x0000700001662000,0x0000700001762000],  sp=0x000070000175f3d0,  free space=1012k
Native frames: (J=compiled Java code, j=interpreted, Vv=VM code, C=native code)
C  [libavl-lib.dylib+0x1a8b]  releaseAVLTreeRecursively+0x1b
C  [libavl-lib.dylib+0x1aef]  releaseAVLTree+0x2f
C  [libavl-lib.dylib+0x3e90]  Java_DataHelper_fireAll+0x40
j  DataHelper.fireAll()V+0
j  DataService.onFire()V+4
j  AVLTreePanel.actionPerformed(Ljava/awt/event/ActionEvent;)V+218
j  javax.swing.AbstractButton.fireActionPerformed(Ljava/awt/event/ActionEvent;)V+83
j  javax.swing.AbstractButton$Handler.actionPerformed(Ljava/awt/event/ActionEvent;)V+5
j  javax.swing.DefaultButtonModel.fireActionPerformed(Ljava/awt/event/ActionEvent;)V+34
j  javax.swing.DefaultButtonModel.setPressed(Z)V+117
j  javax.swing.plaf.basic.BasicButtonListener.mouseReleased(Ljava/awt/event/MouseEvent;)V+35
j  java.awt.Component.processMouseEvent(Ljava/awt/event/MouseEvent;)V+64
j  javax.swing.JComponent.processMouseEvent(Ljava/awt/event/MouseEvent;)V+23
J 801 C1 java.awt.Component.processEvent(Ljava/awt/AWTEvent;)V (220 bytes) @ 0x0000000104cb969c [0x0000000104cb9180+0x51c]
J 800 C1 java.awt.Container.processEvent(Ljava/awt/AWTEvent;)V (22 bytes) @ 0x0000000104cb8cc4 [0x0000000104cb89a0+0x324]
J 793 C1 java.awt.Component.dispatchEventImpl(Ljava/awt/AWTEvent;)V (883 bytes) @ 0x0000000104caf0fc [0x0000000104ca9bc0+0x553c]
J 675 C1 java.awt.Container.dispatchEventImpl(Ljava/awt/AWTEvent;)V (129 bytes) @ 0x0000000104c711ec [0x0000000104c710a0+0x14c]
J 674 C1 java.awt.Component.dispatchEvent(Ljava/awt/AWTEvent;)V (6 bytes) @ 0x0000000104c70d04 [0x0000000104c70c00+0x104]
j  java.awt.LightweightDispatcher.retargetMouseEvent(Ljava/awt/Component;ILjava/awt/event/MouseEvent;)V+327
j  java.awt.LightweightDispatcher.processMouseEvent(Ljava/awt/event/MouseEvent;)Z+155
J 799 C1 java.awt.LightweightDispatcher.dispatchEvent(Ljava/awt/AWTEvent;)Z (73 bytes) @ 0x0000000104cb8274 [0x0000000104cb7e40+0x434]
J 675 C1 java.awt.Container.dispatchEventImpl(Ljava/awt/AWTEvent;)V (129 bytes) @ 0x0000000104c7118c [0x0000000104c710a0+0xec]
J 822 C1 java.awt.Window.dispatchEventImpl(Ljava/awt/AWTEvent;)V (23 bytes) @ 0x0000000104ccd2cc [0x0000000104cccce0+0x5ec]
J 809 C1 java.awt.EventQueue.dispatchEventImpl(Ljava/awt/AWTEvent;Ljava/lang/Object;)V (149 bytes) @ 0x0000000104cc66e4 [0x0000000104cc4e80+0x1864]
J 815 C1 java.awt.EventQueue$3.run()Ljava/lang/Void; (60 bytes) @ 0x0000000104cc8054 [0x0000000104cc7e40+0x214]
J 680 C1 java.awt.EventQueue$3.run()Ljava/lang/Object; (5 bytes) @ 0x0000000104c7318c [0x0000000104c73100+0x8c]
v  ~StubRoutines::call_stub
V  [libjvm.dylib+0x2ee5b6]  JavaCalls::call_helper(JavaValue*, methodHandle*, JavaCallArguments*, Thread*)+0x6ae
V  [libjvm.dylib+0x34ed14]  JVM_DoPrivileged+0x4b8
J 629  java.security.AccessController.doPrivileged(Ljava/security/PrivilegedAction;Ljava/security/AccessControlContext;)Ljava/lang/Object; (0 bytes) @ 0x0000000104c5dbd5 [0x0000000104c5db00+0xd5]
J 686 C1 java.awt.EventQueue$4.run()Ljava/lang/Object; (5 bytes) @ 0x0000000104c771ec [0x0000000104c76dc0+0x42c]
v  ~StubRoutines::call_stub
V  [libjvm.dylib+0x2ee5b6]  JavaCalls::call_helper(JavaValue*, methodHandle*, JavaCallArguments*, Thread*)+0x6ae
V  [libjvm.dylib+0x34ed14]  JVM_DoPrivileged+0x4b8
J 629  java.security.AccessController.doPrivileged(Ljava/security/PrivilegedAction;Ljava/security/AccessControlContext;)Ljava/lang/Object; (0 bytes) @ 0x0000000104c5dbd5 [0x0000000104c5db00+0xd5]
J 747 C1 java.awt.EventQueue.dispatchEvent(Ljava/awt/AWTEvent;)V (80 bytes) @ 0x0000000104c93ff4 [0x0000000104c93140+0xeb4]
J 810 C1 java.awt.EventDispatchThread.pumpOneEventForFilters(I)V (295 bytes) @ 0x0000000104cc163c [0x0000000104cbfac0+0x1b7c]
j  java.awt.EventDispatchThread.pumpEventsForFilter(ILjava/awt/Conditional;Ljava/awt/EventFilter;)V+35
j  java.awt.EventDispatchThread.pumpEventsForHierarchy(ILjava/awt/Conditional;Ljava/awt/Component;)V+11
j  java.awt.EventDispatchThread.pumpEvents(ILjava/awt/Conditional;)V+4
j  java.awt.EventDispatchThread.pumpEvents(Ljava/awt/Conditional;)V+3
j  java.awt.EventDispatchThread.run()V+9
v  ~StubRoutines::call_stub
V  [libjvm.dylib+0x2ee5b6]  JavaCalls::call_helper(JavaValue*, methodHandle*, JavaCallArguments*, Thread*)+0x6ae
V  [libjvm.dylib+0x2eed5a]  JavaCalls::call_virtual(JavaValue*, KlassHandle, Symbol*, Symbol*, JavaCallArguments*, Thread*)+0x164
V  [libjvm.dylib+0x2eef06]  JavaCalls::call_virtual(JavaValue*, Handle, KlassHandle, Symbol*, Symbol*, Thread*)+0x4a
V  [libjvm.dylib+0x34965d]  thread_entry(JavaThread*, Thread*)+0x7c
V  [libjvm.dylib+0x56b87f]  JavaThread::thread_main_inner()+0x9b
V  [libjvm.dylib+0x56cf6c]  JavaThread::run()+0x1c2
V  [libjvm.dylib+0x48b376]  java_start(Thread*)+0xf6
C  [libsystem_pthread.dylib+0x399d]  _pthread_body+0x83
C  [libsystem_pthread.dylib+0x391a]  _pthread_body+0x0
C  [libsystem_pthread.dylib+0x1351]  thread_start+0xd
C  0x0000000000000000

Java frames: (J=compiled Java code, j=interpreted, Vv=VM code)
j  DataHelper.fireAll()V+0
j  DataService.onFire()V+4
j  AVLTreePanel.actionPerformed(Ljava/awt/event/ActionEvent;)V+218
j  javax.swing.AbstractButton.fireActionPerformed(Ljava/awt/event/ActionEvent;)V+83
j  javax.swing.AbstractButton$Handler.actionPerformed(Ljava/awt/event/ActionEvent;)V+5
j  javax.swing.DefaultButtonModel.fireActionPerformed(Ljava/awt/event/ActionEvent;)V+34
j  javax.swing.DefaultButtonModel.setPressed(Z)V+117
j  javax.swing.plaf.basic.BasicButtonListener.mouseReleased(Ljava/awt/event/MouseEvent;)V+35
j  java.awt.Component.processMouseEvent(Ljava/awt/event/MouseEvent;)V+64
j  javax.swing.JComponent.processMouseEvent(Ljava/awt/event/MouseEvent;)V+23
J 801 C1 java.awt.Component.processEvent(Ljava/awt/AWTEvent;)V (220 bytes) @ 0x0000000104cb969c [0x0000000104cb9180+0x51c]
J 800 C1 java.awt.Container.processEvent(Ljava/awt/AWTEvent;)V (22 bytes) @ 0x0000000104cb8cc4 [0x0000000104cb89a0+0x324]
J 793 C1 java.awt.Component.dispatchEventImpl(Ljava/awt/AWTEvent;)V (883 bytes) @ 0x0000000104caf0fc [0x0000000104ca9bc0+0x553c]
J 675 C1 java.awt.Container.dispatchEventImpl(Ljava/awt/AWTEvent;)V (129 bytes) @ 0x0000000104c711ec [0x0000000104c710a0+0x14c]
J 674 C1 java.awt.Component.dispatchEvent(Ljava/awt/AWTEvent;)V (6 bytes) @ 0x0000000104c70d04 [0x0000000104c70c00+0x104]
j  java.awt.LightweightDispatcher.retargetMouseEvent(Ljava/awt/Component;ILjava/awt/event/MouseEvent;)V+327
j  java.awt.LightweightDispatcher.processMouseEvent(Ljava/awt/event/MouseEvent;)Z+155
J 799 C1 java.awt.LightweightDispatcher.dispatchEvent(Ljava/awt/AWTEvent;)Z (73 bytes) @ 0x0000000104cb8274 [0x0000000104cb7e40+0x434]
J 675 C1 java.awt.Container.dispatchEventImpl(Ljava/awt/AWTEvent;)V (129 bytes) @ 0x0000000104c7118c [0x0000000104c710a0+0xec]
J 822 C1 java.awt.Window.dispatchEventImpl(Ljava/awt/AWTEvent;)V (23 bytes) @ 0x0000000104ccd2cc [0x0000000104cccce0+0x5ec]
J 809 C1 java.awt.EventQueue.dispatchEventImpl(Ljava/awt/AWTEvent;Ljava/lang/Object;)V (149 bytes) @ 0x0000000104cc66e4 [0x0000000104cc4e80+0x1864]
J 815 C1 java.awt.EventQueue$3.run()Ljava/lang/Void; (60 bytes) @ 0x0000000104cc8054 [0x0000000104cc7e40+0x214]
J 680 C1 java.awt.EventQueue$3.run()Ljava/lang/Object; (5 bytes) @ 0x0000000104c7318c [0x0000000104c73100+0x8c]
v  ~StubRoutines::call_stub
J 629  java.security.AccessController.doPrivileged(Ljava/security/PrivilegedAction;Ljava/security/AccessControlContext;)Ljava/lang/Object; (0 bytes) @ 0x0000000104c5db63 [0x0000000104c5db00+0x63]
J 686 C1 java.awt.EventQueue$4.run()Ljava/lang/Object; (5 bytes) @ 0x0000000104c771ec [0x0000000104c76dc0+0x42c]
v  ~StubRoutines::call_stub
J 629  java.security.AccessController.doPrivileged(Ljava/security/PrivilegedAction;Ljava/security/AccessControlContext;)Ljava/lang/Object; (0 bytes) @ 0x0000000104c5db63 [0x0000000104c5db00+0x63]
J 747 C1 java.awt.EventQueue.dispatchEvent(Ljava/awt/AWTEvent;)V (80 bytes) @ 0x0000000104c93ff4 [0x0000000104c93140+0xeb4]
J 810 C1 java.awt.EventDispatchThread.pumpOneEventForFilters(I)V (295 bytes) @ 0x0000000104cc163c [0x0000000104cbfac0+0x1b7c]
j  java.awt.EventDispatchThread.pumpEventsForFilter(ILjava/awt/Conditional;Ljava/awt/EventFilter;)V+35
j  java.awt.EventDispatchThread.pumpEventsForHierarchy(ILjava/awt/Conditional;Ljava/awt/Component;)V+11
j  java.awt.EventDispatchThread.pumpEvents(ILjava/awt/Conditional;)V+4
j  java.awt.EventDispatchThread.pumpEvents(Ljava/awt/Conditional;)V+3
j  java.awt.EventDispatchThread.run()V+9
v  ~StubRoutines::call_stub

---------------  P R O C E S S  ---------------

Java Threads: ( => current thread )
  0x00007faeacd0b800 JavaThread "TimerQueue" daemon [_thread_blocked, id=59035, stack(0x0000700001765000,0x0000700001865000)]
  0x00007faeac30c800 JavaThread "DestroyJavaVM" [_thread_blocked, id=4099, stack(0x0000700000084000,0x0000700000184000)]
=>0x00007faeab9ea000 JavaThread "AWT-EventQueue-0" [_thread_in_native, id=57607, stack(0x0000700001662000,0x0000700001762000)]
  0x00007faeac127000 JavaThread "Java2D Disposer" daemon [_thread_blocked, id=50967, stack(0x00007000014dc000,0x00007000015dc000)]
  0x00007faeac942800 JavaThread "Java2D Queue Flusher" daemon [_thread_blocked, id=50699, stack(0x00007000013d9000,0x00007000014d9000)]
  0x00007faeac902000 JavaThread "AWT-Shutdown" [_thread_blocked, id=30743, stack(0x0000700001253000,0x0000700001353000)]
  0x00007faeab85c000 JavaThread "AppKit Thread" daemon [_thread_in_native, id=2571, stack(0x00007fff5c540000,0x00007fff5cd40000)]
  0x00007faeac0ae800 JavaThread "Service Thread" daemon [_thread_blocked, id=19203, stack(0x0000700000f47000,0x0000700001047000)]
  0x00007faeab855000 JavaThread "C1 CompilerThread2" daemon [_thread_blocked, id=18691, stack(0x0000700000e44000,0x0000700000f44000)]
  0x00007faead03c800 JavaThread "C2 CompilerThread1" daemon [_thread_blocked, id=18179, stack(0x0000700000d41000,0x0000700000e41000)]
  0x00007faeac024000 JavaThread "C2 CompilerThread0" daemon [_thread_blocked, id=17667, stack(0x0000700000c3e000,0x0000700000d3e000)]
  0x00007faeac051800 JavaThread "Monitor Ctrl-Break" daemon [_thread_in_native, id=17155, stack(0x0000700000b3b000,0x0000700000c3b000)]
  0x00007faead035000 JavaThread "Signal Dispatcher" daemon [_thread_blocked, id=13071, stack(0x0000700000a38000,0x0000700000b38000)]
  0x00007faeab821000 JavaThread "Finalizer" daemon [_thread_blocked, id=11779, stack(0x000070000082f000,0x000070000092f000)]
  0x00007faeac801800 JavaThread "Reference Handler" daemon [_thread_blocked, id=11267, stack(0x000070000072c000,0x000070000082c000)]

Other Threads:
  0x00007faeab81c000 VMThread [stack: 0x0000700000629000,0x0000700000729000] [id=10755]
  0x00007faeac85f800 WatcherThread [stack: 0x000070000104a000,0x000070000114a000] [id=19715]

VM state:not at safepoint (normal execution)

VM Mutex/Monitor currently owned by a thread: None

Heap:
 PSYoungGen      total 38400K, used 17386K [0x0000000795580000, 0x0000000798000000, 0x00000007c0000000)
  eden space 33280K, 52% used [0x0000000795580000,0x000000079667a868,0x0000000797600000)
  from space 5120K, 0% used [0x0000000797b00000,0x0000000797b00000,0x0000000798000000)
  to   space 5120K, 0% used [0x0000000797600000,0x0000000797600000,0x0000000797b00000)
 ParOldGen       total 87552K, used 0K [0x0000000740000000, 0x0000000745580000, 0x0000000795580000)
  object space 87552K, 0% used [0x0000000740000000,0x0000000740000000,0x0000000745580000)
 Metaspace       used 11493K, capacity 11810K, committed 12160K, reserved 1060864K
  class space    used 1432K, capacity 1552K, committed 1664K, reserved 1048576K

Card table byte_map: [0x0000000113dc0000,0x00000001141c1000] byte_map_base: 0x00000001103c0000

Marking Bits: (ParMarkBitMap*) 0x0000000103a41ea0
 Begin Bits: [0x000000011446c000, 0x000000011646c000)
 End Bits:   [0x000000011646c000, 0x000000011846c000)

Polling page: 0x0000000104136000

CodeCache: size=245760Kb used=3178Kb max_used=3178Kb free=242581Kb
 bounds [0x0000000104a00000, 0x0000000104d20000, 0x0000000113a00000]
 total_blobs=1428 nmethods=900 adapters=442
 compilation: enabled

Compilation events (10 events):
Event: 9.364 Thread 0x00007faeab855000  896       3       javax.swing.JComponent::processMouseMotionEvent (46 bytes)
Event: 9.365 Thread 0x00007faeab855000 nmethod 896 0x0000000104d1a010 code [0x0000000104d1a200, 0x0000000104d1a958]
Event: 9.365 Thread 0x00007faeab855000  897       3       java.awt.Component::processMouseMotionEvent (58 bytes)
Event: 9.365 Thread 0x00007faeab855000 nmethod 897 0x0000000104cf68d0 code [0x0000000104cf6a60, 0x0000000104cf6e38]
Event: 9.458 Thread 0x00007faeab855000  898       3       java.awt.geom.AffineTransform::getScaleX (5 bytes)
Event: 9.458 Thread 0x00007faeab855000 nmethod 898 0x0000000104d19d10 code [0x0000000104d19e60, 0x0000000104d19fb0]
Event: 9.458 Thread 0x00007faeab855000  899       3       java.awt.geom.AffineTransform::updateState (230 bytes)
Event: 9.458 Thread 0x00007faeab855000 nmethod 899 0x0000000104cf5910 code [0x0000000104cf5ae0, 0x0000000104cf6310]
Event: 9.458 Thread 0x00007faeab855000  900       3       java.awt.geom.AffineTransform::translate (547 bytes)
Event: 9.460 Thread 0x00007faeab855000 nmethod 900 0x0000000104d1ad50 code [0x0000000104d1af00, 0x0000000104d1baa8]

GC Heap History (0 events):
No events

Deoptimization events (2 events):
Event: 6.329 Thread 0x00007faeab9ea000 Uncommon trap: reason=class_check action=maybe_recompile pc=0x0000000104b8b9d8 method=java.lang.String.equals(Ljava/lang/Object;)Z @ 8
Event: 6.329 Thread 0x00007faeab9ea000 Uncommon trap: reason=class_check action=maybe_recompile pc=0x0000000104b8b9d8 method=java.lang.String.equals(Ljava/lang/Object;)Z @ 8

Internal exceptions (10 events):
Event: 0.181 Thread 0x00007faeab80b800 Exception <a 'java/security/PrivilegedActionException'> (0x000000079566fd70) thrown at [/Users/java_re/workspace/8-2-build-macosx-x86_64/jdk8u131/8869/hotspot/src/share/vm/prims/jvm.cpp, line 1390]
Event: 0.181 Thread 0x00007faeab80b800 Exception <a 'java/security/PrivilegedActionException'> (0x000000079566ff80) thrown at [/Users/java_re/workspace/8-2-build-macosx-x86_64/jdk8u131/8869/hotspot/src/share/vm/prims/jvm.cpp, line 1390]
Event: 0.268 Thread 0x00007faeab80b800 Exception <a 'java/security/PrivilegedActionException'> (0x000000079585d860) thrown at [/Users/java_re/workspace/8-2-build-macosx-x86_64/jdk8u131/8869/hotspot/src/share/vm/prims/jvm.cpp, line 1390]
Event: 0.268 Thread 0x00007faeab80b800 Exception <a 'java/security/PrivilegedActionException'> (0x000000079585da70) thrown at [/Users/java_re/workspace/8-2-build-macosx-x86_64/jdk8u131/8869/hotspot/src/share/vm/prims/jvm.cpp, line 1390]
Event: 0.269 Thread 0x00007faeab80b800 Exception <a 'java/security/PrivilegedActionException'> (0x0000000795860da0) thrown at [/Users/java_re/workspace/8-2-build-macosx-x86_64/jdk8u131/8869/hotspot/src/share/vm/prims/jvm.cpp, line 1390]
Event: 0.269 Thread 0x00007faeab80b800 Exception <a 'java/security/PrivilegedActionException'> (0x0000000795860fb0) thrown at [/Users/java_re/workspace/8-2-build-macosx-x86_64/jdk8u131/8869/hotspot/src/share/vm/prims/jvm.cpp, line 1390]
Event: 0.348 Thread 0x00007faeab80b800 Exception <a 'java/lang/NoSuchFieldError': method resolution failed> (0x0000000795a4de68) thrown at [/Users/java_re/workspace/8-2-build-macosx-x86_64/jdk8u131/8869/hotspot/src/share/vm/prims/methodHandles.cpp, line 1146]
Event: 0.352 Thread 0x00007faeab80b800 Exception <a 'java/lang/NoSuchFieldError': method resolution failed> (0x0000000795a5c0e0) thrown at [/Users/java_re/workspace/8-2-build-macosx-x86_64/jdk8u131/8869/hotspot/src/share/vm/prims/methodHandles.cpp, line 1146]
Event: 0.593 Thread 0x00007faeab80b800 Exception <a 'java/io/FileNotFoundException'> (0x0000000795afd728) thrown at [/Users/java_re/workspace/8-2-build-macosx-x86_64/jdk8u131/8869/hotspot/src/share/vm/prims/jni.cpp, line 709]
Event: 0.594 Thread 0x00007faeab80b800 Exception <a 'java/io/FileNotFoundException'> (0x0000000795afe2d0) thrown at [/Users/java_re/workspace/8-2-build-macosx-x86_64/jdk8u131/8869/hotspot/src/share/vm/prims/jni.cpp, line 709]

Events (10 events):
Event: 6.791 loading class sun/java2d/pipe/ShapeSpanIterator
Event: 6.791 loading class sun/java2d/pipe/SpanIterator
Event: 6.791 loading class sun/java2d/pipe/SpanIterator done
Event: 6.791 loading class sun/awt/geom/PathConsumer2D
Event: 6.791 loading class sun/awt/geom/PathConsumer2D done
Event: 6.791 loading class sun/java2d/pipe/ShapeSpanIterator done
Event: 6.792 loading class java/awt/geom/EllipseIterator
Event: 6.792 loading class java/awt/geom/PathIterator
Event: 6.793 loading class java/awt/geom/PathIterator done
Event: 6.793 loading class java/awt/geom/EllipseIterator done


Dynamic libraries:
0x0000000006346000 	/System/Library/Frameworks/Cocoa.framework/Versions/A/Cocoa
0x0000000006346000 	/System/Library/Frameworks/Security.framework/Versions/A/Security
0x0000000006346000 	/System/Library/Frameworks/ApplicationServices.framework/Versions/A/ApplicationServices
0x0000000006346000 	/usr/lib/libz.1.dylib
0x0000000006346000 	/usr/lib/libSystem.B.dylib
0x0000000006346000 	/usr/lib/libobjc.A.dylib
0x0000000006346000 	/System/Library/Frameworks/CoreFoundation.framework/Versions/A/CoreFoundation
0x0000000006346000 	/System/Library/Frameworks/Foundation.framework/Versions/C/Foundation
0x0000000006346000 	/System/Library/Frameworks/AppKit.framework/Versions/C/AppKit
0x0000000006346000 	/System/Library/Frameworks/CoreData.framework/Versions/A/CoreData
0x0000000006346000 	/System/Library/PrivateFrameworks/RemoteViewServices.framework/Versions/A/RemoteViewServices
0x0000000006346000 	/System/Library/PrivateFrameworks/UIFoundation.framework/Versions/A/UIFoundation
0x0000000006346000 	/usr/lib/libScreenReader.dylib
0x0000000006346000 	/System/Library/Frameworks/Accelerate.framework/Versions/A/Accelerate
0x0000000006346000 	/System/Library/Frameworks/IOSurface.framework/Versions/A/IOSurface
0x0000000006346000 	/System/Library/Frameworks/AudioToolbox.framework/Versions/A/AudioToolbox
0x0000000006346000 	/System/Library/Frameworks/AudioUnit.framework/Versions/A/AudioUnit
0x0000000006346000 	/System/Library/PrivateFrameworks/DataDetectorsCore.framework/Versions/A/DataDetectorsCore
0x0000000006346000 	/System/Library/PrivateFrameworks/DesktopServicesPriv.framework/Versions/A/DesktopServicesPriv
0x0000000006346000 	/System/Library/Frameworks/Carbon.framework/Versions/A/Frameworks/HIToolbox.framework/Versions/A/HIToolbox
0x0000000006346000 	/System/Library/Frameworks/QuartzCore.framework/Versions/A/QuartzCore
0x0000000006346000 	/System/Library/Frameworks/Carbon.framework/Versions/A/Frameworks/SpeechRecognition.framework/Versions/A/SpeechRecognition
0x0000000006346000 	/usr/lib/libauto.dylib
0x0000000006346000 	/usr/lib/libicucore.A.dylib
0x0000000006346000 	/usr/lib/libxml2.2.dylib
0x0000000006346000 	/System/Library/PrivateFrameworks/CoreUI.framework/Versions/A/CoreUI
0x0000000006346000 	/System/Library/Frameworks/CoreAudio.framework/Versions/A/CoreAudio
0x0000000006346000 	/System/Library/Frameworks/DiskArbitration.framework/Versions/A/DiskArbitration
0x0000000006346000 	/usr/lib/liblangid.dylib
0x0000000006346000 	/System/Library/PrivateFrameworks/MultitouchSupport.framework/Versions/A/MultitouchSupport
0x0000000006346000 	/System/Library/Frameworks/IOKit.framework/Versions/A/IOKit
0x0000000006346000 	/usr/lib/libDiagnosticMessagesClient.dylib
0x0000000006346000 	/System/Library/Frameworks/CoreServices.framework/Versions/A/CoreServices
0x0000000006346000 	/System/Library/PrivateFrameworks/PerformanceAnalysis.framework/Versions/A/PerformanceAnalysis
0x0000000006346000 	/System/Library/PrivateFrameworks/GenerationalStorage.framework/Versions/A/GenerationalStorage
0x0000000006346000 	/System/Library/Frameworks/OpenGL.framework/Versions/A/OpenGL
0x0000000006346000 	/System/Library/PrivateFrameworks/Sharing.framework/Versions/A/Sharing
0x0000000006346000 	/System/Library/Frameworks/CoreGraphics.framework/Versions/A/CoreGraphics
0x0000000006346000 	/System/Library/Frameworks/CoreImage.framework/Versions/A/CoreImage
0x0000000006346000 	/System/Library/Frameworks/CoreText.framework/Versions/A/CoreText
0x0000000006346000 	/System/Library/Frameworks/ImageIO.framework/Versions/A/ImageIO
0x0000000006346000 	/System/Library/PrivateFrameworks/Backup.framework/Versions/A/Backup
0x0000000006346000 	/usr/lib/libextension.dylib
0x0000000006346000 	/usr/lib/libarchive.2.dylib
0x0000000006346000 	/System/Library/Frameworks/CFNetwork.framework/Versions/A/CFNetwork
0x0000000006346000 	/System/Library/Frameworks/SystemConfiguration.framework/Versions/A/SystemConfiguration
0x0000000006346000 	/usr/lib/libCRFSuite.dylib
0x0000000006346000 	/usr/lib/libc++.1.dylib
0x0000000006346000 	/usr/lib/libc++abi.dylib
0x0000000006346000 	/usr/lib/system/libcache.dylib
0x0000000006346000 	/usr/lib/system/libcommonCrypto.dylib
0x0000000006346000 	/usr/lib/system/libcompiler_rt.dylib
0x0000000006346000 	/usr/lib/system/libcopyfile.dylib
0x0000000006346000 	/usr/lib/system/libcorecrypto.dylib
0x0000000006346000 	/usr/lib/system/libdispatch.dylib
0x0000000006346000 	/usr/lib/system/libdyld.dylib
0x0000000006346000 	/usr/lib/system/libkeymgr.dylib
0x0000000006346000 	/usr/lib/system/liblaunch.dylib
0x0000000006346000 	/usr/lib/system/libmacho.dylib
0x0000000006346000 	/usr/lib/system/libquarantine.dylib
0x0000000006346000 	/usr/lib/system/libremovefile.dylib
0x0000000006346000 	/usr/lib/system/libsystem_asl.dylib
0x0000000006346000 	/usr/lib/system/libsystem_blocks.dylib
0x0000000006346000 	/usr/lib/system/libsystem_c.dylib
0x0000000006346000 	/usr/lib/system/libsystem_configuration.dylib
0x0000000006346000 	/usr/lib/system/libsystem_coreservices.dylib
0x0000000006346000 	/usr/lib/system/libsystem_coretls.dylib
0x0000000006346000 	/usr/lib/system/libsystem_dnssd.dylib
0x0000000006346000 	/usr/lib/system/libsystem_info.dylib
0x0000000006346000 	/usr/lib/system/libsystem_kernel.dylib
0x0000000006346000 	/usr/lib/system/libsystem_m.dylib
0x0000000006346000 	/usr/lib/system/libsystem_malloc.dylib
0x0000000006346000 	/usr/lib/system/libsystem_network.dylib
0x0000000006346000 	/usr/lib/system/libsystem_networkextension.dylib
0x0000000006346000 	/usr/lib/system/libsystem_notify.dylib
0x0000000006346000 	/usr/lib/system/libsystem_platform.dylib
0x0000000006346000 	/usr/lib/system/libsystem_pthread.dylib
0x0000000006346000 	/usr/lib/system/libsystem_sandbox.dylib
0x0000000006346000 	/usr/lib/system/libsystem_secinit.dylib
0x0000000006346000 	/usr/lib/system/libsystem_trace.dylib
0x0000000006346000 	/usr/lib/system/libunc.dylib
0x0000000006346000 	/usr/lib/system/libunwind.dylib
0x0000000006346000 	/usr/lib/system/libxpc.dylib
0x0000000006346000 	/usr/lib/libenergytrace.dylib
0x0000000006346000 	/usr/lib/libbsm.0.dylib
0x0000000006346000 	/usr/lib/system/libkxld.dylib
0x0000000006346000 	/usr/lib/libxar.1.dylib
0x0000000006346000 	/usr/lib/libsqlite3.dylib
0x0000000006346000 	/usr/lib/libpam.2.dylib
0x0000000006346000 	/usr/lib/libOpenScriptingUtil.dylib
0x0000000006346000 	/usr/lib/libbz2.1.0.dylib
0x0000000006346000 	/usr/lib/liblzma.5.dylib
0x0000000006346000 	/System/Library/Frameworks/CoreServices.framework/Versions/A/Frameworks/FSEvents.framework/Versions/A/FSEvents
0x0000000006346000 	/System/Library/Frameworks/CoreServices.framework/Versions/A/Frameworks/CarbonCore.framework/Versions/A/CarbonCore
0x0000000006346000 	/System/Library/Frameworks/CoreServices.framework/Versions/A/Frameworks/Metadata.framework/Versions/A/Metadata
0x0000000006346000 	/System/Library/Frameworks/CoreServices.framework/Versions/A/Frameworks/OSServices.framework/Versions/A/OSServices
0x0000000006346000 	/System/Library/Frameworks/CoreServices.framework/Versions/A/Frameworks/SearchKit.framework/Versions/A/SearchKit
0x0000000006346000 	/System/Library/Frameworks/CoreServices.framework/Versions/A/Frameworks/AE.framework/Versions/A/AE
0x0000000006346000 	/System/Library/Frameworks/CoreServices.framework/Versions/A/Frameworks/LaunchServices.framework/Versions/A/LaunchServices
0x0000000006346000 	/System/Library/Frameworks/CoreServices.framework/Versions/A/Frameworks/DictionaryServices.framework/Versions/A/DictionaryServices
0x0000000006346000 	/System/Library/Frameworks/CoreServices.framework/Versions/A/Frameworks/SharedFileList.framework/Versions/A/SharedFileList
0x0000000006346000 	/System/Library/Frameworks/NetFS.framework/Versions/A/NetFS
0x0000000006346000 	/System/Library/PrivateFrameworks/NetAuth.framework/Versions/A/NetAuth
0x0000000006346000 	/System/Library/PrivateFrameworks/login.framework/Versions/A/Frameworks/loginsupport.framework/Versions/A/loginsupport
0x0000000006346000 	/System/Library/PrivateFrameworks/TCC.framework/Versions/A/TCC
0x0000000006346000 	/usr/lib/libmecabra.dylib
0x0000000006346000 	/System/Library/Frameworks/ApplicationServices.framework/Versions/A/Frameworks/ATS.framework/Versions/A/ATS
0x0000000006346000 	/System/Library/Frameworks/ApplicationServices.framework/Versions/A/Frameworks/ColorSync.framework/Versions/A/ColorSync
0x0000000006346000 	/System/Library/Frameworks/ApplicationServices.framework/Versions/A/Frameworks/HIServices.framework/Versions/A/HIServices
0x0000000006346000 	/System/Library/Frameworks/ApplicationServices.framework/Versions/A/Frameworks/LangAnalysis.framework/Versions/A/LangAnalysis
0x0000000006346000 	/System/Library/Frameworks/ApplicationServices.framework/Versions/A/Frameworks/PrintCore.framework/Versions/A/PrintCore
0x0000000006346000 	/System/Library/Frameworks/ApplicationServices.framework/Versions/A/Frameworks/QD.framework/Versions/A/QD
0x0000000006346000 	/System/Library/Frameworks/ApplicationServices.framework/Versions/A/Frameworks/SpeechSynthesis.framework/Versions/A/SpeechSynthesis
0x0000000006346000 	/System/Library/Frameworks/Metal.framework/Versions/A/Metal
0x0000000006346000 	/System/Library/Frameworks/Accelerate.framework/Versions/A/Frameworks/vImage.framework/Versions/A/vImage
0x0000000006346000 	/System/Library/Frameworks/Accelerate.framework/Versions/A/Frameworks/vecLib.framework/Versions/A/vecLib
0x0000000006346000 	/System/Library/Frameworks/Accelerate.framework/Versions/A/Frameworks/vecLib.framework/Versions/A/libvDSP.dylib
0x0000000006346000 	/System/Library/Frameworks/Accelerate.framework/Versions/A/Frameworks/vecLib.framework/Versions/A/libvMisc.dylib
0x0000000006346000 	/System/Library/Frameworks/Accelerate.framework/Versions/A/Frameworks/vecLib.framework/Versions/A/libLAPACK.dylib
0x0000000006346000 	/System/Library/Frameworks/Accelerate.framework/Versions/A/Frameworks/vecLib.framework/Versions/A/libBLAS.dylib
0x0000000006346000 	/System/Library/Frameworks/Accelerate.framework/Versions/A/Frameworks/vecLib.framework/Versions/A/libLinearAlgebra.dylib
0x0000000006346000 	/System/Library/Frameworks/Accelerate.framework/Versions/A/Frameworks/vecLib.framework/Versions/A/libSparseBLAS.dylib
0x0000000006346000 	/System/Library/PrivateFrameworks/GPUCompiler.framework/libmetal_timestamp.dylib
0x0000000006346000 	/System/Library/Frameworks/OpenGL.framework/Versions/A/Libraries/libCoreFSCache.dylib
0x0000000006346000 	/System/Library/PrivateFrameworks/IOAccelerator.framework/Versions/A/IOAccelerator
0x0000000006346000 	/System/Library/Frameworks/ApplicationServices.framework/Versions/A/Frameworks/ATS.framework/Versions/A/Resources/libFontParser.dylib
0x0000000006346000 	/System/Library/Frameworks/ApplicationServices.framework/Versions/A/Frameworks/ATS.framework/Versions/A/Resources/libFontRegistry.dylib
0x0000000006346000 	/System/Library/PrivateFrameworks/AppleVPA.framework/Versions/A/AppleVPA
0x0000000006346000 	/System/Library/PrivateFrameworks/AppleJPEG.framework/Versions/A/AppleJPEG
0x0000000006346000 	/System/Library/Frameworks/ImageIO.framework/Versions/A/Resources/libJPEG.dylib
0x0000000006346000 	/System/Library/Frameworks/ImageIO.framework/Versions/A/Resources/libTIFF.dylib
0x0000000006346000 	/System/Library/Frameworks/ImageIO.framework/Versions/A/Resources/libPng.dylib
0x0000000006346000 	/System/Library/Frameworks/ImageIO.framework/Versions/A/Resources/libGIF.dylib
0x0000000006346000 	/System/Library/Frameworks/ImageIO.framework/Versions/A/Resources/libJP2.dylib
0x0000000006346000 	/System/Library/Frameworks/ImageIO.framework/Versions/A/Resources/libRadiance.dylib
0x0000000006346000 	/System/Library/Frameworks/CoreVideo.framework/Versions/A/CoreVideo
0x0000000006346000 	/System/Library/Frameworks/OpenGL.framework/Versions/A/Libraries/libGLU.dylib
0x0000000006346000 	/System/Library/Frameworks/OpenGL.framework/Versions/A/Libraries/libGFXShared.dylib
0x0000000006346000 	/System/Library/Frameworks/OpenGL.framework/Versions/A/Libraries/libGL.dylib
0x0000000006346000 	/System/Library/Frameworks/OpenGL.framework/Versions/A/Libraries/libGLImage.dylib
0x0000000006346000 	/System/Library/Frameworks/OpenGL.framework/Versions/A/Libraries/libCVMSPluginSupport.dylib
0x0000000006346000 	/System/Library/Frameworks/OpenGL.framework/Versions/A/Libraries/libCoreVMClient.dylib
0x0000000006346000 	/usr/lib/libcompression.dylib
0x0000000006346000 	/usr/lib/libcups.2.dylib
0x0000000006346000 	/System/Library/Frameworks/Kerberos.framework/Versions/A/Kerberos
0x0000000006346000 	/System/Library/Frameworks/GSS.framework/Versions/A/GSS
0x0000000006346000 	/usr/lib/libresolv.9.dylib
0x0000000006346000 	/usr/lib/libiconv.2.dylib
0x0000000006346000 	/System/Library/PrivateFrameworks/Heimdal.framework/Versions/A/Heimdal
0x0000000006346000 	/usr/lib/libheimdal-asn1.dylib
0x0000000006346000 	/System/Library/Frameworks/OpenDirectory.framework/Versions/A/OpenDirectory
0x0000000006346000 	/System/Library/PrivateFrameworks/CommonAuth.framework/Versions/A/CommonAuth
0x0000000006346000 	/System/Library/Frameworks/OpenDirectory.framework/Versions/A/Frameworks/CFOpenDirectory.framework/Versions/A/CFOpenDirectory
0x0000000006346000 	/System/Library/Frameworks/SecurityFoundation.framework/Versions/A/SecurityFoundation
0x0000000006346000 	/System/Library/PrivateFrameworks/LanguageModeling.framework/Versions/A/LanguageModeling
0x0000000006346000 	/usr/lib/libmarisa.dylib
0x0000000006346000 	/usr/lib/libChineseTokenizer.dylib
0x0000000006346000 	/usr/lib/libcmph.dylib
0x0000000006346000 	/System/Library/Frameworks/ServiceManagement.framework/Versions/A/ServiceManagement
0x0000000006346000 	/usr/lib/libxslt.1.dylib
0x0000000006346000 	/System/Library/Frameworks/Carbon.framework/Versions/A/Frameworks/Ink.framework/Versions/A/Ink
0x0000000006346000 	/usr/lib/libFosl_dynamic.dylib
0x0000000006346000 	/System/Library/PrivateFrameworks/FaceCore.framework/Versions/A/FaceCore
0x0000000006346000 	/System/Library/Frameworks/OpenCL.framework/Versions/A/OpenCL
0x0000000006346000 	/System/Library/PrivateFrameworks/CrashReporterSupport.framework/Versions/A/CrashReporterSupport
0x0000000006346000 	/System/Library/PrivateFrameworks/IconServices.framework/Versions/A/IconServices
0x0000000006346000 	/System/Library/PrivateFrameworks/Apple80211.framework/Versions/A/Apple80211
0x0000000006346000 	/System/Library/Frameworks/CoreWLAN.framework/Versions/A/CoreWLAN
0x0000000006346000 	/System/Library/Frameworks/IOBluetooth.framework/Versions/A/IOBluetooth
0x0000000006346000 	/System/Library/PrivateFrameworks/CoreWiFi.framework/Versions/A/CoreWiFi
0x0000000006346000 	/System/Library/Frameworks/CoreBluetooth.framework/Versions/A/CoreBluetooth
0x0000000006346000 	/System/Library/PrivateFrameworks/ChunkingLibrary.framework/Versions/A/ChunkingLibrary
0x0000000006346000 	/System/Library/PrivateFrameworks/DebugSymbols.framework/Versions/A/DebugSymbols
0x0000000006346000 	/System/Library/PrivateFrameworks/CoreSymbolication.framework/Versions/A/CoreSymbolication
0x0000000006346000 	/System/Library/PrivateFrameworks/Symbolication.framework/Versions/A/Symbolication
0x0000000006346000 	/System/Library/PrivateFrameworks/SpeechRecognitionCore.framework/Versions/A/SpeechRecognitionCore
0x000000010310c000 	/System/Library/CoreServices/Encodings/libSimplifiedChineseConverter.dylib
0x0000000103150000 	/Library/Java/JavaVirtualMachines/jdk1.8.0_131.jdk/Contents/Home/jre/lib/server/libjvm.dylib
0x0000000006346000 	/usr/lib/libstdc++.6.dylib
0x00000001040f3000 	/Library/Java/JavaVirtualMachines/jdk1.8.0_131.jdk/Contents/Home/jre/lib/libverify.dylib
0x0000000104101000 	/Library/Java/JavaVirtualMachines/jdk1.8.0_131.jdk/Contents/Home/jre/lib/libjava.dylib
0x0000000104137000 	/Library/Java/JavaVirtualMachines/jdk1.8.0_131.jdk/Contents/Home/jre/lib/libinstrument.dylib
0x0000000104199000 	/Library/Java/JavaVirtualMachines/jdk1.8.0_131.jdk/Contents/Home/jre/lib/libzip.dylib
0x000000011a2f3000 	/System/Library/Frameworks/JavaVM.framework/Frameworks/JavaRuntimeSupport.framework/JavaRuntimeSupport
0x00000001041ea000 	/System/Library/Frameworks/JavaVM.framework/Versions/A/Frameworks/JavaNativeFoundation.framework/Versions/A/JavaNativeFoundation
0x000000011a30e000 	/System/Library/Frameworks/JavaVM.framework/Versions/A/JavaVM
0x0000000006346000 	/System/Library/Frameworks/Carbon.framework/Versions/A/Carbon
0x000000011a31b000 	/System/Library/PrivateFrameworks/JavaLaunching.framework/Versions/A/JavaLaunching
0x0000000006346000 	/System/Library/Frameworks/Carbon.framework/Versions/A/Frameworks/CommonPanels.framework/Versions/A/CommonPanels
0x0000000006346000 	/System/Library/Frameworks/Carbon.framework/Versions/A/Frameworks/Help.framework/Versions/A/Help
0x0000000006346000 	/System/Library/Frameworks/Carbon.framework/Versions/A/Frameworks/ImageCapture.framework/Versions/A/ImageCapture
0x0000000006346000 	/System/Library/Frameworks/Carbon.framework/Versions/A/Frameworks/OpenScripting.framework/Versions/A/OpenScripting
0x0000000006346000 	/System/Library/Frameworks/Carbon.framework/Versions/A/Frameworks/Print.framework/Versions/A/Print
0x0000000006346000 	/System/Library/Frameworks/Carbon.framework/Versions/A/Frameworks/SecurityHI.framework/Versions/A/SecurityHI
0x000000011bd97000 	/Library/Java/JavaVirtualMachines/jdk1.8.0_131.jdk/Contents/Home/jre/lib/libnet.dylib
0x000000011bdfb000 	/Library/Java/JavaVirtualMachines/jdk1.8.0_131.jdk/Contents/Home/jre/lib/libawt.dylib
0x000000011bea3000 	/Library/Java/JavaVirtualMachines/jdk1.8.0_131.jdk/Contents/Home/jre/lib/./libmlib_image.dylib
0x000000011bf6f000 	/Library/Java/JavaVirtualMachines/jdk1.8.0_131.jdk/Contents/Home/jre/lib/libawt_lwawt.dylib
0x000000011c026000 	/Library/Java/JavaVirtualMachines/jdk1.8.0_131.jdk/Contents/Home/jre/lib/./libosxapp.dylib
0x0000000006346000 	/System/Library/Frameworks/ExceptionHandling.framework/Versions/A/ExceptionHandling
0x0000000006346000 	/System/Library/PrivateFrameworks/CoreServicesInternal.framework/Versions/A/CoreServicesInternal
0x0000000006346000 	/System/Library/Frameworks/CoreGraphics.framework/Versions/A/Resources/libRIP.A.dylib
0x0000000006346000 	/System/Library/Frameworks/Accelerate.framework/Versions/A/Frameworks/vImage.framework/Versions/A/Libraries/libCGInterfaces.dylib
0x0000000006346000 	/System/Library/Frameworks/CoreGraphics.framework/Versions/A/Resources/libCGXType.A.dylib
0x0000000006346000 	/System/Library/Frameworks/OpenCL.framework/Versions/A/Libraries/libcldcpuengine.dylib
0x0000000006346000 	/System/Library/PrivateFrameworks/DiskImages.framework/Versions/A/DiskImages
0x0000000006346000 	/System/Library/Frameworks/DiscRecording.framework/Versions/A/DiscRecording
0x0000000006346000 	/usr/lib/libcsfde.dylib
0x0000000006346000 	/usr/lib/libcurl.4.dylib
0x0000000006346000 	/System/Library/PrivateFrameworks/MediaKit.framework/Versions/A/MediaKit
0x0000000006346000 	/System/Library/PrivateFrameworks/ProtectedCloudStorage.framework/Versions/A/ProtectedCloudStorage
0x0000000006346000 	/usr/lib/libCoreStorage.dylib
0x0000000006346000 	/System/Library/PrivateFrameworks/EFILogin.framework/Versions/A/EFILogin
0x0000000006346000 	/usr/lib/libutil.dylib
0x0000000006346000 	/System/Library/PrivateFrameworks/FindMyDevice.framework/Versions/A/FindMyDevice
0x0000000006346000 	/System/Library/Frameworks/LDAP.framework/Versions/A/LDAP
0x0000000006346000 	/usr/lib/libsasl2.2.dylib
0x0000000006346000 	/System/Library/PrivateFrameworks/CoreDaemon.framework/Versions/B/CoreDaemon
0x0000000006346000 	/usr/lib/libcrypto.0.9.8.dylib
0x0000000006346000 	/System/Library/PrivateFrameworks/AppleSRP.framework/Versions/A/AppleSRP
0x0000000006346000 	/System/Library/PrivateFrameworks/TrustEvaluationAgent.framework/Versions/A/TrustEvaluationAgent
0x000000011e315000 	cl_kernels
0x0000000006346000 	/System/Library/Frameworks/OpenCL.framework/Versions/A/Libraries/ImageFormats/unorm8_bgra.dylib
0x0000000006346000 	/System/Library/Frameworks/OpenCL.framework/Versions/A/Libraries/ImageFormats/unorm8_rgba.dylib
0x0000000006346000 	/System/Library/PrivateFrameworks/FamilyControls.framework/Versions/A/FamilyControls
0x0000000006346000 	/System/Library/PrivateFrameworks/CommerceKit.framework/Versions/A/Frameworks/CommerceCore.framework/Versions/A/CommerceCore
0x0000000006346000 	/System/Library/PrivateFrameworks/SystemAdministration.framework/Versions/A/SystemAdministration
0x0000000006346000 	/System/Library/PrivateFrameworks/AppContainer.framework/Versions/A/AppContainer
0x0000000006346000 	/System/Library/PrivateFrameworks/SecCodeWrapper.framework/Versions/A/SecCodeWrapper
0x0000000006346000 	/System/Library/Frameworks/DirectoryService.framework/Versions/A/DirectoryService
0x0000000006346000 	/System/Library/PrivateFrameworks/LoginUIKit.framework/Versions/A/Frameworks/LoginUICore.framework/Versions/A/LoginUICore
0x0000000006346000 	/usr/lib/libodfde.dylib
0x000000011f448000 	/Library/Java/JavaVirtualMachines/jdk1.8.0_131.jdk/Contents/Home/jre/lib/libfontmanager.dylib
0x000000011d445000 	/Library/Java/JavaVirtualMachines/jdk1.8.0_131.jdk/Contents/Home/jre/lib/libosxui.dylib
0x0000000006346000 	/System/Library/Frameworks/OpenGL.framework/Versions/A/Resources/GLEngine.bundle/GLEngine
0x0000000006346000 	/System/Library/Frameworks/OpenGL.framework/Versions/A/Libraries/libGLProgrammability.dylib
0x000000011feed000 	/System/Library/Extensions/AppleIntelBDWGraphicsGLDriver.bundle/Contents/MacOS/AppleIntelBDWGraphicsGLDriver
0x0000000006346000 	/System/Library/PrivateFrameworks/GPUSupport.framework/Versions/A/Libraries/libGPUSupportMercury.dylib
0x0000000006346000 	/System/Library/Frameworks/OpenGL.framework/Versions/A/Resources/GLRendererFloat.bundle/GLRendererFloat
0x0000000120e66000 	/Users/alberthumbert/Desktop/AVLVisualization/jni-lib/libavl-lib.dylib
0x00000001244e2000 	/System/Library/Extensions/AppleIntelBDWGraphicsMTLDriver.bundle/Contents/MacOS/AppleIntelBDWGraphicsMTLDriver
0x000000012253e000 	/Library/Java/JavaVirtualMachines/jdk1.8.0_131.jdk/Contents/Home/jre/lib/libnio.dylib
0x0000000006346000 	/System/Library/Frameworks/ApplicationServices.framework/Versions/A/Frameworks/ATS.framework/Versions/A/Resources/libTrueTypeScaler.dylib

VM Arguments:
jvm_args: -javaagent:/Applications/IntelliJ IDEA CE.app/Contents/lib/idea_rt.jar=65150:/Applications/IntelliJ IDEA CE.app/Contents/bin -Dfile.encoding=UTF-8 
java_command: AVLApplication
java_class_path (initial): /Library/Java/JavaVirtualMachines/jdk1.8.0_131.jdk/Contents/Home/jre/lib/charsets.jar:/Library/Java/JavaVirtualMachines/jdk1.8.0_131.jdk/Contents/Home/jre/lib/deploy.jar:/Library/Java/JavaVirtualMachines/jdk1.8.0_131.jdk/Contents/Home/jre/lib/ext/cldrdata.jar:/Library/Java/JavaVirtualMachines/jdk1.8.0_131.jdk/Contents/Home/jre/lib/ext/dnsns.jar:/Library/Java/JavaVirtualMachines/jdk1.8.0_131.jdk/Contents/Home/jre/lib/ext/jaccess.jar:/Library/Java/JavaVirtualMachines/jdk1.8.0_131.jdk/Contents/Home/jre/lib/ext/jfxrt.jar:/Library/Java/JavaVirtualMachines/jdk1.8.0_131.jdk/Contents/Home/jre/lib/ext/localedata.jar:/Library/Java/JavaVirtualMachines/jdk1.8.0_131.jdk/Contents/Home/jre/lib/ext/nashorn.jar:/Library/Java/JavaVirtualMachines/jdk1.8.0_131.jdk/Contents/Home/jre/lib/ext/sunec.jar:/Library/Java/JavaVirtualMachines/jdk1.8.0_131.jdk/Contents/Home/jre/lib/ext/sunjce_provider.jar:/Library/Java/JavaVirtualMachines/jdk1.8.0_131.jdk/Contents/Home/jre/lib/ext/sunpkcs11.jar:/Library/Java/JavaVirtualMachines/jdk1.8.0_131.jdk/Contents/Home/jre/lib/ext/zipfs.jar:/Library/Java/JavaVirtualMachines/jdk1.8.0_131.jdk/Contents/Home/jre/lib/javaws.jar:/Library/Java/JavaVirtualMachines/jdk1.8.0_131.jdk/Contents/Home/jre/lib/jce.jar:/Library/Java/JavaVirtualMachines/jdk1.8.0_131.jdk/Contents/Home/jre/lib/jfr.jar:/Library/Java/JavaVirtualMachines/jdk1.8.0_131.jdk/Contents/Home/jre/lib/jfxswt.jar:/Library/Java/JavaVirtualMachines/jdk1.8.0_131.jdk/Contents/Home/jre/lib/jsse.jar:/Library/Java/JavaVirtualMachines/jdk1.8.0_131.jdk/Contents/Home/jre/lib/management-agent.jar:/Library/Java/JavaVirtualMachines/jdk1.8.0_131.jdk/Contents/Home/jre/lib/plugin.jar:/Library/Java/JavaVirtualMachines/jdk1.8.0_131.jdk/Contents/Home/jre/lib/resources.jar:/Library/Java/JavaVirtualMachines/jdk1.8.0_131.jdk/Contents/Home/jre/lib/rt.jar:/Library/Java/JavaVirtualMachines/jdk1.8.0_131.jdk/Contents/Home/lib/ant-javafx.jar:/Library/Java/JavaVirtualMachines/jdk1.8.0_131.jdk/Contents/Home
Launcher Type: SUN_STANDARD

Environment Variables:
PATH=/path/to/java:/usr/local/bin:/Users/alberthumbert/.autojump/bin:/Users/alberthumbert/.autojump/bin:/Library/Frameworks/Python.framework/Versions/3.6/bin:/usr/local/bin:/usr/bin:/bin:/usr/sbin:/sbin:/usr/local/go/bin:/usr/local/mysql/bini:/Users/alberthumbert/Library/Android/sdk/platform-tools:ANDROID_HOME/tools:/Users/alberthumbert/Library/Android/sdk:/Users/alberthumbert/Library/Android/sdk/ndk-bundle
SHELL=/bin/zsh

Signal Handlers:
SIGSEGV: [libjvm.dylib+0x5b1eb1], sa_mask[0]=11111111011111110111111111111111, sa_flags=SA_ONSTACK|SA_RESTART|SA_SIGINFO
SIGBUS: [libjvm.dylib+0x5b1eb1], sa_mask[0]=11111111011111110111111111111111, sa_flags=SA_RESTART|SA_SIGINFO
SIGFPE: [libjvm.dylib+0x488988], sa_mask[0]=11111111011111110111111111111111, sa_flags=SA_RESTART|SA_SIGINFO
SIGPIPE: [libjvm.dylib+0x488988], sa_mask[0]=11111111011111110111111111111111, sa_flags=SA_RESTART|SA_SIGINFO
SIGXFSZ: [libjvm.dylib+0x488988], sa_mask[0]=11111111011111110111111111111111, sa_flags=SA_RESTART|SA_SIGINFO
SIGILL: [libjvm.dylib+0x488988], sa_mask[0]=11111111011111110111111111111111, sa_flags=SA_RESTART|SA_SIGINFO
SIGUSR1: SIG_DFL, sa_mask[0]=00000000000000000000000000000000, sa_flags=none
SIGUSR2: [libjvm.dylib+0x4884a6], sa_mask[0]=00100000000000000000000000000000, sa_flags=SA_RESTART|SA_SIGINFO
SIGHUP: [libjvm.dylib+0x486a7d], sa_mask[0]=11111111011111110111111111111111, sa_flags=SA_RESTART|SA_SIGINFO
SIGINT: [libjvm.dylib+0x486a7d], sa_mask[0]=11111111011111110111111111111111, sa_flags=SA_RESTART|SA_SIGINFO
SIGTERM: [libjvm.dylib+0x486a7d], sa_mask[0]=11111111011111110111111111111111, sa_flags=SA_RESTART|SA_SIGINFO
SIGQUIT: [libjvm.dylib+0x486a7d], sa_mask[0]=11111111011111110111111111111111, sa_flags=SA_RESTART|SA_SIGINFO


---------------  S Y S T E M  ---------------

OS:Bsduname:Darwin 15.6.0 Darwin Kernel Version 15.6.0: Thu Jun 23 18:25:34 PDT 2016; root:xnu-3248.60.10~1/RELEASE_X86_64 x86_64
rlimit: STACK 8192k, CORE 0k, NPROC 709, NOFILE 10240, AS infinity
load average:5.34 4.57 3.59

CPU:total 4 (initial active 4) (2 cores per cpu, 2 threads per core) family 6 model 61 stepping 4, cmov, cx8, fxsr, mmx, sse, sse2, sse3, ssse3, sse4.1, sse4.2, popcnt, avx, avx2, aes, clmul, erms, 3dnowpref, lzcnt, ht, tsc, tscinvbit, bmi1, bmi2, adx

Memory: 4k page, physical 8388608k(141512k free)

/proc/meminfo:


vm_info: Java HotSpot(TM) 64-Bit Server VM (25.131-b11) for bsd-amd64 JRE (1.8.0_131-b11), built on Mar 15 2017 01:32:22 by "java_re" with gcc 4.2.1 (Based on Apple Inc. build 5658) (LLVM build 2336.11.00)

time: Sun Dec 24 15:48:21 2017
elapsed time: 9 seconds (0d 0h 0m 9s)

